#
# A fatal error has been detected by the Java Runtime Environment:
#
#  SIGSEGV (0xb) at pc=0x00007fcda1bf7401, pid=6572, tid=6600
#
# JRE version: OpenJDK Runtime Environment (11.0.10+9) (build 11.0.10+9-Ubuntu-0ubuntu1.18.04)
# Java VM: OpenJDK 64-Bit Server VM (11.0.10+9-Ubuntu-0ubuntu1.18.04, mixed mode, sharing, tiered, compressed oops, g1 gc, linux-amd64)
# Problematic frame:
# C  [libjimage.so+0x2401]
#
# Core dump will be written. Default location: Core dumps may be processed with "/usr/share/apport/apport %p %s %c %d %P %E" (or dumping to /home/administrator/STS_Workspace/source_codes/Campaign/adcampaign/core.6572)
#
# If you would like to submit a bug report, please visit:
#   https://bugs.launchpad.net/ubuntu/+source/openjdk-lts
#

---------------  S U M M A R Y ------------

Command Line: -agentlib:jdwp=transport=dt_socket,suspend=y,address=localhost:39737 -Dcom.sun.management.jmxremote -Dcom.sun.management.jmxremote.port=44719 -Dcom.sun.management.jmxremote.authenticate=false -Dcom.sun.management.jmxremote.ssl=false -Djava.rmi.server.hostname=localhost -Dspring.jmx.enabled=true -Dspring.application.admin.enabled=true -Djava.security.egd=file:/dev/./urandom -Xverify:none -XX:TieredStopAtLevel=1 -Dspring.boot.project.name=adcampaign -javaagent:/home/administrator/.eclipse/org.eclipse.platform_4.15.0_1353671729_linux_gtk_x86_64/configuration/org.eclipse.osgi/239/0/.cp/lib/javaagent-shaded.jar -Dfile.encoding=UTF-8 com.spykke.internal.adcampaign.AdcampaignApplication --spring.output.ansi.enabled=always

Host: Intel(R) Core(TM) i5-8250U CPU @ 1.60GHz, 8 cores, 15G, Ubuntu 18.04.5 LTS
Time: Wed Mar 10 11:44:55 2021 IST elapsed time: 1271.943699 seconds (0d 0h 21m 11s)

---------------  T H R E A D  ---------------

Current thread (0x00007fcd9c243000):  JavaThread "Signal Dispatcher" daemon [_thread_in_vm, id=6600, stack(0x00007fcd5fa1f000,0x00007fcd5fb20000)]

Stack: [0x00007fcd5fa1f000,0x00007fcd5fb20000],  sp=0x00007fcd5fb1d1e0,  free space=1016k
Native frames: (J=compiled Java code, A=aot compiled Java code, j=interpreted, Vv=VM code, C=native code)
C  [libjimage.so+0x2401]
C  [libjimage.so+0x30ea]
C  [libjimage.so+0x35c6]  JIMAGE_FindResource+0xd6
V  [libjvm.so+0x5c0fde]
V  [libjvm.so+0x5c3d40]
V  [libjvm.so+0xe46cc5]
V  [libjvm.so+0xe4457a]
V  [libjvm.so+0xe47252]
V  [libjvm.so+0x6779dd]
V  [libjvm.so+0x870e5c]
j  jdk.internal.misc.Signal.dispatch(I)V+25 java.base@11.0.10
v  ~StubRoutines::call_stub
V  [libjvm.so+0x880719]
V  [libjvm.so+0x87f505]
V  [libjvm.so+0xc0a33c]
V  [libjvm.so+0xe7f84f]
V  [libjvm.so+0xe7bf9f]
V  [libjvm.so+0xc1d34e]

Java frames: (J=compiled Java code, j=interpreted, Vv=VM code)
j  jdk.internal.misc.Signal.dispatch(I)V+25 java.base@11.0.10
v  ~StubRoutines::call_stub

siginfo: si_signo: 11 (SIGSEGV), si_code: 1 (SEGV_MAPERR), si_addr: 0x00007fcd938b1768

Register to memory mapping:

RAX=0x00000000000081d3 is an unknown value
RBX=0x00007fcd5fb1d291 is pointing into the stack for thread: 0x00007fcd9c243000
RCX=0x00007fcd9389101c is an unknown value
RDX=0x00000000000081d3 is an unknown value
RSP=0x00007fcd5fb1d1e0 is pointing into the stack for thread: 0x00007fcd9c243000
RBP=0x00007fcd5fb1d200 is pointing into the stack for thread: 0x00007fcd9c243000
RSI=0x00007fcd5fb1d290 is pointing into the stack for thread: 0x00007fcd9c243000
RDI=0x00007fcda1dfa030: <offset 0x0000000000205030> in /usr/lib/jvm/java-11-openjdk-amd64/lib/libjimage.so at 0x00007fcda1bf5000
R8 =0x0 is NULL
R9 =0x0000000076100fa4 is an unknown value
R10=0x00007fcd5fb1d2b3 is pointing into the stack for thread: 0x00007fcd9c243000
R11=0x00007fcda4ab4440: <offset 0x00000000001af440> in /lib/x86_64-linux-gnu/libc.so.6 at 0x00007fcda4905000
R12=0x00007fcd5fb1d290 is pointing into the stack for thread: 0x00007fcd9c243000
R13=0x0000000000008424 is an unknown value
R14=0x00007fcd5fb1e328 is pointing into the stack for thread: 0x00007fcd9c243000
R15=0x00007fcd9c243b90 points into unknown readable memory: 0x65746e692f6b646a | 6a 64 6b 2f 69 6e 74 65


Registers:
RAX=0x00000000000081d3, RBX=0x00007fcd5fb1d291, RCX=0x00007fcd9389101c, RDX=0x00000000000081d3
RSP=0x00007fcd5fb1d1e0, RBP=0x00007fcd5fb1d200, RSI=0x00007fcd5fb1d290, RDI=0x00007fcda1dfa030
R8 =0x0000000000000000, R9 =0x0000000076100fa4, R10=0x00007fcd5fb1d2b3, R11=0x00007fcda4ab4440
R12=0x00007fcd5fb1d290, R13=0x0000000000008424, R14=0x00007fcd5fb1e328, R15=0x00007fcd9c243b90
RIP=0x00007fcda1bf7401, EFLAGS=0x0000000000010246, CSGSFS=0x002b000000000033, ERR=0x0000000000000004
  TRAPNO=0x000000000000000e

Top of Stack: (sp=0x00007fcd5fb1d1e0)
0x00007fcd5fb1d1e0:   0000000000000000 00007fcd9c009940
0x00007fcd5fb1d1f0:   0000000000000000 00007fcd5fb1d290
0x00007fcd5fb1d200:   00007fcd5fb1d270 00007fcda1bf80ea
0x00007fcd5fb1d210:   ffffffffffffffff 0000000100000000 

Instructions: (pc=0x00007fcda1bf7401)
0x00007fcda1bf7301:   c5 4c 01 e3 48 89 ce e8 d3 f3 ff ff e9 69 fd ff
0x00007fcda1bf7311:   ff 89 d1 0f b7 74 08 fe 66 41 89 74 0e fe e9 7a
0x00007fcda1bf7321:   fe ff ff 0f 1f 40 00 8b 08 49 8d 1c 16 41 89 0e
0x00007fcda1bf7331:   89 d1 8b 74 08 fc 41 89 74 0e fc 48 8d 34 10 48
0x00007fcda1bf7341:   89 75 b8 e9 0b fe ff ff 0f 1f 80 00 00 00 00 0f
0x00007fcda1bf7351:   b6 17 55 89 f0 48 89 e5 84 d2 74 22 48 8d 4f 01
0x00007fcda1bf7361:   0f 1f 80 00 00 00 00 48 83 c1 01 0f b6 f2 0f b6
0x00007fcda1bf7371:   51 ff 69 c0 93 01 00 01 31 f0 84 d2 75 e9 25 ff
0x00007fcda1bf7381:   ff ff 7f 5d c3 66 2e 0f 1f 84 00 00 00 00 00 48
0x00007fcda1bf7391:   85 d2 0f 84 dd 00 00 00 85 c9 0f 84 d5 00 00 00
0x00007fcda1bf73a1:   55 48 89 e5 41 55 41 54 53 48 8d 5e 01 48 83 ec
0x00007fcda1bf73b1:   08 44 0f b6 06 45 84 c0 0f 84 a9 00 00 00 49 89
0x00007fcda1bf73c1:   da b8 93 01 00 01 66 0f 1f 84 00 00 00 00 00 49
0x00007fcda1bf73d1:   83 c2 01 44 69 c8 93 01 00 01 41 0f b6 c0 45 0f
0x00007fcda1bf73e1:   b6 42 ff 44 31 c8 45 84 c0 75 e4 25 ff ff ff 7f
0x00007fcda1bf73f1:   41 89 cd 48 89 d1 31 d2 41 f7 f5 49 89 f4 89 d0
0x00007fcda1bf7401:   8b 34 81 48 8b 07 ff 50 20 83 f8 00 7e 41 41 0f
0x00007fcda1bf7411:   b6 14 24 84 d2 74 1c 0f 1f 84 00 00 00 00 00 69
0x00007fcda1bf7421:   c0 93 01 00 01 48 83 c3 01 31 d0 0f b6 53 ff 84
0x00007fcda1bf7431:   d2 75 ec 25 ff ff ff 7f 31 d2 41 f7 f5 48 83 c4
0x00007fcda1bf7441:   08 89 d0 5b 41 5c 41 5d 5d c3 0f 1f 44 00 00 74
0x00007fcda1bf7451:   1d f7 d0 48 83 c4 08 89 c2 5b 89 d0 41 5c 41 5d
0x00007fcda1bf7461:   5d c3 0f 1f 44 00 00 b8 93 01 00 01 eb 82 ba ff
0x00007fcda1bf7471:   ff ff ff eb c8 83 ca ff 89 d0 c3 0f 1f 40 00 0f
0x00007fcda1bf7481:   b6 17 55 48 89 f8 48 89 e5 84 d2 75 15 eb 1a 38
0x00007fcda1bf7491:   ca 75 1c 48 83 c0 01 0f b6 10 48 83 c6 01 84 d2
0x00007fcda1bf74a1:   74 07 0f b6 0e 84 c9 75 e6 5d c3 0f 1f 40 00 31
0x00007fcda1bf74b1:   c0 5d c3 66 90 66 2e 0f 1f 84 00 00 00 00 00 55
0x00007fcda1bf74c1:   48 85 f6 48 89 e5 74 57 0f 1f 80 00 00 00 00 0f
0x00007fcda1bf74d1:   b6 06 84 c0 74 49 0f b6 d0 83 e0 07 c1 fa 03 44
0x00007fcda1bf74e1:   8d 50 01 0f b6 c0 41 89 d1 48 8d 56 01 4c 8d 44
0x00007fcda1bf74f1:   06 02 31 c0 0f 1f 00 0f b6 0a 48 c1 e0 08 48 83 


Stack slot to memory mapping:
stack at sp + 0 slots: 0x0 is NULL
stack at sp + 1 slots: 0x00007fcd9c009940 points into unknown readable memory: 0x00007fcd3801bd80 | 80 bd 01 38 cd 7f 00 00
stack at sp + 2 slots: 0x0 is NULL
stack at sp + 3 slots: 0x00007fcd5fb1d290 is pointing into the stack for thread: 0x00007fcd9c243000
stack at sp + 4 slots: 0x00007fcd5fb1d270 is pointing into the stack for thread: 0x00007fcd9c243000
stack at sp + 5 slots: 0x00007fcda1bf80ea: <offset 0x00000000000030ea> in /usr/lib/jvm/java-11-openjdk-amd64/lib/libjimage.so at 0x00007fcda1bf5000
stack at sp + 6 slots: 0xffffffffffffffff is an unknown value
stack at sp + 7 slots: 0x0000000100000000 is an unknown value


---------------  P R O C E S S  ---------------

Threads class SMR info:
_java_thread_list=0x00007fcd30005220, length=25, elements={
0x00007fcd9c23b800, 0x00007fcd9c23d800, 0x00007fcd9c243000, 0x00007fcd9c245000,
0x00007fcd9c247000, 0x00007fcd9c249000, 0x00007fcd9c277000, 0x00007fcd9c2c3800,
0x00007fcd9c2c7800, 0x00007fcd9c7e6800, 0x00007fcd9c7ef800, 0x00007fcd9c819000,
0x00007fcd54001000, 0x00007fcd28002000, 0x00007fcd0c013800, 0x00007fcd0000e000,
0x00007fcce8b69800, 0x00007fcce8f6e000, 0x00007fcd9c01c000, 0x00007fcd34002000,
0x00007fcd34003800, 0x00007fcc94013000, 0x00007fcd28003800, 0x00007fccf4008000,
0x00007fcd00034800
}

Java Threads: ( => current thread )
  0x00007fcd9c23b800 JavaThread "Reference Handler" daemon [_thread_blocked, id=6598, stack(0x00007fcd5feff000,0x00007fcd60000000)]
  0x00007fcd9c23d800 JavaThread "Finalizer" daemon [_thread_blocked, id=6599, stack(0x00007fcd5fdfe000,0x00007fcd5feff000)]
=>0x00007fcd9c243000 JavaThread "Signal Dispatcher" daemon [_thread_in_vm, id=6600, stack(0x00007fcd5fa1f000,0x00007fcd5fb20000)]
  0x00007fcd9c245000 JavaThread "Service Thread" daemon [_thread_blocked, id=6601, stack(0x00007fcd5f91e000,0x00007fcd5fa1f000)]
  0x00007fcd9c247000 JavaThread "C1 CompilerThread0" daemon [_thread_blocked, id=6602, stack(0x00007fcd5f81d000,0x00007fcd5f91e000)]
  0x00007fcd9c249000 JavaThread "Sweeper thread" daemon [_thread_blocked, id=6603, stack(0x00007fcd5f71c000,0x00007fcd5f81d000)]
  0x00007fcd9c277000 JavaThread "Common-Cleaner" daemon [_thread_blocked, id=6605, stack(0x00007fcd5f61b000,0x00007fcd5f71c000)]
  0x00007fcd9c2c3800 JavaThread "JDWP Transport Listener: dt_socket" daemon [_thread_in_native, id=6607, stack(0x00007fcd5f314000,0x00007fcd5f415000)]
  0x00007fcd9c2c7800 JavaThread "JDWP Event Helper Thread" daemon [_thread_blocked, id=6609, stack(0x00007fcd5f213000,0x00007fcd5f314000)]
  0x00007fcd9c7e6800 JavaThread "RMI TCP Accept-0" daemon [_thread_in_native, id=6615, stack(0x00007fcd5e5d9000,0x00007fcd5e6da000)]
  0x00007fcd9c7ef800 JavaThread "RMI TCP Accept-44719" daemon [_thread_in_native, id=6616, stack(0x00007fcd5e4d8000,0x00007fcd5e5d9000)]
  0x00007fcd9c819000 JavaThread "RMI TCP Accept-0" daemon [_thread_in_native, id=6617, stack(0x00007fcd5e3d7000,0x00007fcd5e4d8000)]
  0x00007fcd54001000 JavaThread "Attach Listener" daemon [_thread_blocked, id=6619, stack(0x00007fcd5e1d4000,0x00007fcd5e2d5000)]
  0x00007fcd28002000 JavaThread "RMI TCP Connection(14)-127.0.0.1" daemon [_thread_in_native, id=6625, stack(0x00007fcd5dbc9000,0x00007fcd5dcca000)]
  0x00007fcd0c013800 JavaThread "RMI Scheduler(0)" daemon [_thread_blocked, id=6629, stack(0x00007fcd5d9c7000,0x00007fcd5dac8000)]
  0x00007fcd0000e000 JavaThread "JMX server connection timeout 23" daemon [_thread_blocked, id=6630, stack(0x00007fcd5d8c6000,0x00007fcd5d9c7000)]
  0x00007fcce8b69800 JavaThread "mysql-cj-abandoned-connection-cleanup" daemon [_thread_blocked, id=6650, stack(0x00007fccdf8fd000,0x00007fccdf9fe000)]
  0x00007fcce8f6e000 JavaThread "Live Reload Server" daemon [_thread_in_native, id=6661, stack(0x00007fccddda7000,0x00007fccddea8000)]
  0x00007fcd9c01c000 JavaThread "DestroyJavaVM" [_thread_blocked, id=6580, stack(0x00007fcda5012000,0x00007fcda5113000)]
  0x00007fcd34002000 JavaThread "RMI TCP Connection(27)-127.0.0.1" daemon [_thread_in_native, id=7505, stack(0x00007fcd5d7c5000,0x00007fcd5d8c6000)]
  0x00007fcd34003800 JavaThread "RMI TCP Connection(31)-127.0.0.1" daemon [_thread_in_native, id=8303, stack(0x00007fcd5d3c3000,0x00007fcd5d4c4000)]
  0x00007fcc94013000 JavaThread "Thread-7" [_thread_blocked, id=8461, stack(0x00007fcd5dac8000,0x00007fcd5dbc9000)]
  0x00007fcd28003800 JavaThread "RMI TCP Connection(32)-127.0.0.1" daemon [_thread_in_native, id=8467, stack(0x00007fccdcd9f000,0x00007fccdcea0000)]
  0x00007fccf4008000 JavaThread "JMX server connection timeout 207" daemon [_thread_blocked, id=8468, stack(0x00007fccdcc9e000,0x00007fccdcd9f000)]
  0x00007fcd00034800 JavaThread "restartedMain" [_thread_in_native, id=8474, stack(0x00007fcd5cfc1000,0x00007fcd5d0c2000)]

Other Threads:
  0x00007fcd9c238800 VMThread "VM Thread" [stack: 0x00007fcd74060000,0x00007fcd74160000] [id=6597]
  0x00007fcd9c81b800 WatcherThread [stack: 0x00007fcd5e2d7000,0x00007fcd5e3d7000] [id=6618]
  0x00007fcd9c034000 GCTaskThread "GC Thread#0" [stack: 0x00007fcda0a91000,0x00007fcda0b91000] [id=6583]
  0x00007fcd64001000 GCTaskThread "GC Thread#1" [stack: 0x00007fcd5e0d4000,0x00007fcd5e1d4000] [id=6620]
  0x00007fcd64002800 GCTaskThread "GC Thread#2" [stack: 0x00007fcd5dfd2000,0x00007fcd5e0d2000] [id=6621]
  0x00007fcd64004800 GCTaskThread "GC Thread#3" [stack: 0x00007fcd5ded0000,0x00007fcd5dfd0000] [id=6622]
  0x00007fcd64006000 GCTaskThread "GC Thread#4" [stack: 0x00007fcd5ddce000,0x00007fcd5dece000] [id=6623]
  0x00007fcd64008000 GCTaskThread "GC Thread#5" [stack: 0x00007fcd5dccc000,0x00007fcd5ddcc000] [id=6624]
  0x00007fcd6400c800 GCTaskThread "GC Thread#6" [stack: 0x00007fcd5ccc1000,0x00007fcd5cdc1000] [id=6640]
  0x00007fcd6400e000 GCTaskThread "GC Thread#7" [stack: 0x00007fcd5cbbf000,0x00007fcd5ccbf000] [id=6641]
  0x00007fcd9c092000 ConcurrentGCThread "G1 Main Marker" [stack: 0x00007fcda0087000,0x00007fcda0187000] [id=6586]
  0x00007fcd9c094000 ConcurrentGCThread "G1 Conc#0" [stack: 0x00007fcd7736e000,0x00007fcd7746e000] [id=6594]
  0x00007fcd70001000 ConcurrentGCThread "G1 Conc#1" [stack: 0x00007fcd5c6bd000,0x00007fcd5c7bd000] [id=6642]
  0x00007fcd9c194000 ConcurrentGCThread "G1 Refine#0" [stack: 0x00007fcd74a64000,0x00007fcd74b64000] [id=6595]
  0x00007fcd9c195800 ConcurrentGCThread "G1 Young RemSet Sampling" [stack: 0x00007fcd74962000,0x00007fcd74a62000] [id=6596]

Threads with active compile tasks:

VM state:not at safepoint (normal execution)

VM Mutex/Monitor currently owned by a thread: None

Heap address: 0x0000000707e00000, size: 3970 MB, Compressed Oops mode: Zero based, Oop shift amount: 3
Narrow klass base: 0x0000000800000000, Narrow klass shift: 3
Compressed class space size: 1073741824 Address: 0x0000000840000000

Heap:
 garbage-first heap   total 143360K, used 100888K [0x0000000707e00000, 0x0000000800000000)
  region size 1024K, 64 young (65536K), 3 survivors (3072K)
 Metaspace       used 68748K, capacity 71113K, committed 71212K, reserved 1110016K
  class space    used 9228K, capacity 10110K, committed 10112K, reserved 1048576K
Heap Regions: E=young(eden), S=young(survivor), O=old, HS=humongous(starts), HC=humongous(continues), CS=collection set, F=free, A=archive, TAMS=top-at-mark-start (previous, next)
|   0|0x0000000707e00000, 0x0000000707f00000, 0x0000000707f00000|100%|HS|  |TAMS 0x0000000707e00000, 0x0000000707e00000| Untracked 
|   1|0x0000000707f00000, 0x0000000708000000, 0x0000000708000000|100%|HS|  |TAMS 0x0000000707f00000, 0x0000000707f00000| Untracked 
|   2|0x0000000708000000, 0x00000007080ffff8, 0x0000000708100000| 99%| O|  |TAMS 0x0000000708000000, 0x0000000708000000| Untracked 
|   3|0x0000000708100000, 0x0000000708200000, 0x0000000708200000|100%| O|  |TAMS 0x0000000708100000, 0x0000000708100000| Untracked 
|   4|0x0000000708200000, 0x00000007082ffff0, 0x0000000708300000| 99%| O|  |TAMS 0x0000000708200000, 0x0000000708200000| Untracked 
|   5|0x0000000708300000, 0x00000007083f76c8, 0x0000000708400000| 96%| O|  |TAMS 0x0000000708300000, 0x0000000708300000| Untracked 
|   6|0x0000000708400000, 0x00000007084fffe8, 0x0000000708500000| 99%| O|  |TAMS 0x0000000708400000, 0x0000000708400000| Untracked 
|   7|0x0000000708500000, 0x00000007085ffff8, 0x0000000708600000| 99%| O|  |TAMS 0x0000000708500000, 0x0000000708500000| Untracked 
|   8|0x0000000708600000, 0x00000007086ffff8, 0x0000000708700000| 99%| O|  |TAMS 0x0000000708600000, 0x0000000708600000| Untracked 
|   9|0x0000000708700000, 0x00000007087fffe8, 0x0000000708800000| 99%| O|  |TAMS 0x0000000708700000, 0x0000000708700000| Untracked 
|  10|0x0000000708800000, 0x00000007088ffff0, 0x0000000708900000| 99%| O|  |TAMS 0x0000000708800000, 0x0000000708800000| Untracked 
|  11|0x0000000708900000, 0x0000000708a00000, 0x0000000708a00000|100%| O|  |TAMS 0x0000000708900000, 0x0000000708900000| Untracked 
|  12|0x0000000708a00000, 0x0000000708afffe0, 0x0000000708b00000| 99%| O|  |TAMS 0x0000000708a00000, 0x0000000708a00000| Untracked 
|  13|0x0000000708b00000, 0x0000000708bffff0, 0x0000000708c00000| 99%| O|  |TAMS 0x0000000708b00000, 0x0000000708b00000| Untracked 
|  14|0x0000000708c00000, 0x0000000708cffff8, 0x0000000708d00000| 99%| O|  |TAMS 0x0000000708c00000, 0x0000000708c00000| Untracked 
|  15|0x0000000708d00000, 0x0000000708dffff8, 0x0000000708e00000| 99%| O|  |TAMS 0x0000000708d00000, 0x0000000708d00000| Untracked 
|  16|0x0000000708e00000, 0x0000000708efff98, 0x0000000708f00000| 99%| O|  |TAMS 0x0000000708e00000, 0x0000000708e00000| Untracked 
|  17|0x0000000708f00000, 0x0000000708ffffb0, 0x0000000709000000| 99%| O|  |TAMS 0x0000000708f00000, 0x0000000708f00000| Untracked 
|  18|0x0000000709000000, 0x00000007090ffff8, 0x0000000709100000| 99%| O|  |TAMS 0x0000000709000000, 0x0000000709000000| Untracked 
|  19|0x0000000709100000, 0x00000007091ff468, 0x0000000709200000| 99%| O|  |TAMS 0x0000000709100000, 0x0000000709100000| Untracked 
|  20|0x0000000709200000, 0x00000007092fffe8, 0x0000000709300000| 99%| O|  |TAMS 0x0000000709200000, 0x0000000709200000| Untracked 
|  21|0x0000000709300000, 0x00000007093ffff0, 0x0000000709400000| 99%| O|  |TAMS 0x0000000709300000, 0x0000000709300000| Untracked 
|  22|0x0000000709400000, 0x00000007094fffb8, 0x0000000709500000| 99%| O|  |TAMS 0x0000000709400000, 0x0000000709400000| Untracked 
|  23|0x0000000709500000, 0x0000000709600000, 0x0000000709600000|100%| O|  |TAMS 0x0000000709500000, 0x0000000709500000| Untracked 
|  24|0x0000000709600000, 0x0000000709700000, 0x0000000709700000|100%| O|  |TAMS 0x0000000709600000, 0x0000000709600000| Untracked 
|  25|0x0000000709700000, 0x00000007097fffd0, 0x0000000709800000| 99%| O|  |TAMS 0x0000000709700000, 0x0000000709700000| Untracked 
|  26|0x0000000709800000, 0x00000007098fffd0, 0x0000000709900000| 99%| O|  |TAMS 0x0000000709800000, 0x0000000709800000| Untracked 
|  27|0x0000000709900000, 0x00000007099ffff0, 0x0000000709a00000| 99%| O|  |TAMS 0x0000000709900000, 0x0000000709900000| Untracked 
|  28|0x0000000709a00000, 0x0000000709a66e68, 0x0000000709b00000| 40%| O|  |TAMS 0x0000000709a00000, 0x0000000709a00000| Untracked 
|  29|0x0000000709b00000, 0x0000000709bfcf30, 0x0000000709c00000| 98%| O|  |TAMS 0x0000000709b00000, 0x0000000709b00000| Untracked 
|  30|0x0000000709c00000, 0x0000000709cffa60, 0x0000000709d00000| 99%| O|  |TAMS 0x0000000709c00000, 0x0000000709c00000| Untracked 
|  31|0x0000000709d00000, 0x0000000709dfffb8, 0x0000000709e00000| 99%| O|  |TAMS 0x0000000709d00000, 0x0000000709d00000| Untracked 
|  32|0x0000000709e00000, 0x0000000709e35a20, 0x0000000709f00000| 20%| O|  |TAMS 0x0000000709e00000, 0x0000000709e00000| Untracked 
|  33|0x0000000709f00000, 0x0000000709f00000, 0x000000070a000000|  0%| F|  |TAMS 0x0000000709f00000, 0x0000000709f00000| Untracked 
|  34|0x000000070a000000, 0x000000070a000000, 0x000000070a100000|  0%| F|  |TAMS 0x000000070a000000, 0x000000070a000000| Untracked 
|  35|0x000000070a100000, 0x000000070a100000, 0x000000070a200000|  0%| F|  |TAMS 0x000000070a100000, 0x000000070a100000| Untracked 
|  36|0x000000070a200000, 0x000000070a200000, 0x000000070a300000|  0%| F|  |TAMS 0x000000070a200000, 0x000000070a200000| Untracked 
|  37|0x000000070a300000, 0x000000070a300000, 0x000000070a400000|  0%| F|  |TAMS 0x000000070a300000, 0x000000070a300000| Untracked 
|  38|0x000000070a400000, 0x000000070a400000, 0x000000070a500000|  0%| F|  |TAMS 0x000000070a400000, 0x000000070a400000| Untracked 
|  39|0x000000070a500000, 0x000000070a500000, 0x000000070a600000|  0%| F|  |TAMS 0x000000070a500000, 0x000000070a500000| Untracked 
|  40|0x000000070a600000, 0x000000070a600000, 0x000000070a700000|  0%| F|  |TAMS 0x000000070a600000, 0x000000070a600000| Untracked 
|  41|0x000000070a700000, 0x000000070a700000, 0x000000070a800000|  0%| F|  |TAMS 0x000000070a700000, 0x000000070a700000| Untracked 
|  42|0x000000070a800000, 0x000000070a800000, 0x000000070a900000|  0%| F|  |TAMS 0x000000070a800000, 0x000000070a800000| Untracked 
|  43|0x000000070a900000, 0x000000070a900000, 0x000000070aa00000|  0%| F|  |TAMS 0x000000070a900000, 0x000000070a900000| Untracked 
|  44|0x000000070aa00000, 0x000000070aa00000, 0x000000070ab00000|  0%| F|  |TAMS 0x000000070aa00000, 0x000000070aa00000| Untracked 
|  45|0x000000070ab00000, 0x000000070ab00000, 0x000000070ac00000|  0%| F|  |TAMS 0x000000070ab00000, 0x000000070ab00000| Untracked 
|  46|0x000000070ac00000, 0x000000070ac00000, 0x000000070ad00000|  0%| F|  |TAMS 0x000000070ac00000, 0x000000070ac00000| Untracked 
|  47|0x000000070ad00000, 0x000000070addd310, 0x000000070ae00000| 86%| S|CS|TAMS 0x000000070ad00000, 0x000000070ad00000| Complete 
|  48|0x000000070ae00000, 0x000000070af00000, 0x000000070af00000|100%| S|CS|TAMS 0x000000070ae00000, 0x000000070ae00000| Complete 
|  49|0x000000070af00000, 0x000000070b000000, 0x000000070b000000|100%| S|CS|TAMS 0x000000070af00000, 0x000000070af00000| Complete 
|  50|0x000000070b000000, 0x000000070b000000, 0x000000070b100000|  0%| F|  |TAMS 0x000000070b000000, 0x000000070b000000| Untracked 
|  51|0x000000070b100000, 0x000000070b100000, 0x000000070b200000|  0%| F|  |TAMS 0x000000070b100000, 0x000000070b100000| Untracked 
|  52|0x000000070b200000, 0x000000070b200000, 0x000000070b300000|  0%| F|  |TAMS 0x000000070b200000, 0x000000070b200000| Untracked 
|  53|0x000000070b300000, 0x000000070b300000, 0x000000070b400000|  0%| F|  |TAMS 0x000000070b300000, 0x000000070b300000| Untracked 
|  54|0x000000070b400000, 0x000000070b400000, 0x000000070b500000|  0%| F|  |TAMS 0x000000070b400000, 0x000000070b400000| Untracked 
|  55|0x000000070b500000, 0x000000070b500000, 0x000000070b600000|  0%| F|  |TAMS 0x000000070b500000, 0x000000070b500000| Untracked 
|  56|0x000000070b600000, 0x000000070b600000, 0x000000070b700000|  0%| F|  |TAMS 0x000000070b600000, 0x000000070b600000| Untracked 
|  57|0x000000070b700000, 0x000000070b700000, 0x000000070b800000|  0%| F|  |TAMS 0x000000070b700000, 0x000000070b700000| Untracked 
|  58|0x000000070b800000, 0x000000070b800000, 0x000000070b900000|  0%| F|  |TAMS 0x000000070b800000, 0x000000070b800000| Untracked 
|  59|0x000000070b900000, 0x000000070b900000, 0x000000070ba00000|  0%| F|  |TAMS 0x000000070b900000, 0x000000070b900000| Untracked 
|  60|0x000000070ba00000, 0x000000070ba00000, 0x000000070bb00000|  0%| F|  |TAMS 0x000000070ba00000, 0x000000070ba00000| Untracked 
|  61|0x000000070bb00000, 0x000000070bb00000, 0x000000070bc00000|  0%| F|  |TAMS 0x000000070bb00000, 0x000000070bb00000| Untracked 
|  62|0x000000070bc00000, 0x000000070bc00000, 0x000000070bd00000|  0%| F|  |TAMS 0x000000070bc00000, 0x000000070bc00000| Untracked 
|  63|0x000000070bd00000, 0x000000070bd00000, 0x000000070be00000|  0%| F|  |TAMS 0x000000070bd00000, 0x000000070bd00000| Untracked 
|  64|0x000000070be00000, 0x000000070be00000, 0x000000070bf00000|  0%| F|  |TAMS 0x000000070be00000, 0x000000070be00000| Untracked 
|  65|0x000000070bf00000, 0x000000070bf00000, 0x000000070c000000|  0%| F|  |TAMS 0x000000070bf00000, 0x000000070bf00000| Untracked 
|  66|0x000000070c000000, 0x000000070c000000, 0x000000070c100000|  0%| F|  |TAMS 0x000000070c000000, 0x000000070c000000| Untracked 
|  67|0x000000070c100000, 0x000000070c100000, 0x000000070c200000|  0%| F|  |TAMS 0x000000070c100000, 0x000000070c100000| Untracked 
|  68|0x000000070c200000, 0x000000070c200000, 0x000000070c300000|  0%| F|  |TAMS 0x000000070c200000, 0x000000070c200000| Untracked 
|  69|0x000000070c300000, 0x000000070c300000, 0x000000070c400000|  0%| F|  |TAMS 0x000000070c300000, 0x000000070c300000| Untracked 
|  70|0x000000070c400000, 0x000000070c4c6658, 0x000000070c500000| 77%| E|  |TAMS 0x000000070c400000, 0x000000070c400000| Complete 
|  71|0x000000070c500000, 0x000000070c600000, 0x000000070c600000|100%| E|CS|TAMS 0x000000070c500000, 0x000000070c500000| Complete 
|  72|0x000000070c600000, 0x000000070c700000, 0x000000070c700000|100%| E|  |TAMS 0x000000070c600000, 0x000000070c600000| Complete 
|  73|0x000000070c700000, 0x000000070c800000, 0x000000070c800000|100%| E|CS|TAMS 0x000000070c700000, 0x000000070c700000| Complete 
|  74|0x000000070c800000, 0x000000070c900000, 0x000000070c900000|100%| E|CS|TAMS 0x000000070c800000, 0x000000070c800000| Complete 
|  75|0x000000070c900000, 0x000000070ca00000, 0x000000070ca00000|100%| E|CS|TAMS 0x000000070c900000, 0x000000070c900000| Complete 
|  76|0x000000070ca00000, 0x000000070cafdaa8, 0x000000070cb00000| 99%| O|  |TAMS 0x000000070ca00000, 0x000000070ca00000| Untracked 
|  77|0x000000070cb00000, 0x000000070cc00000, 0x000000070cc00000|100%| E|CS|TAMS 0x000000070cb00000, 0x000000070cb00000| Complete 
|  78|0x000000070cc00000, 0x000000070cc4e220, 0x000000070cd00000| 30%| O|  |TAMS 0x000000070cc00000, 0x000000070cc00000| Untracked 
|  79|0x000000070cd00000, 0x000000070ce00000, 0x000000070ce00000|100%| E|CS|TAMS 0x000000070cd00000, 0x000000070cd00000| Complete 
|  80|0x000000070ce00000, 0x000000070cf00000, 0x000000070cf00000|100%| E|CS|TAMS 0x000000070ce00000, 0x000000070ce00000| Complete 
|  81|0x000000070cf00000, 0x000000070d000000, 0x000000070d000000|100%| E|CS|TAMS 0x000000070cf00000, 0x000000070cf00000| Complete 
|  82|0x000000070d000000, 0x000000070d100000, 0x000000070d100000|100%| E|CS|TAMS 0x000000070d000000, 0x000000070d000000| Complete 
|  83|0x000000070d100000, 0x000000070d200000, 0x000000070d200000|100%| E|CS|TAMS 0x000000070d100000, 0x000000070d100000| Complete 
|  84|0x000000070d200000, 0x000000070d300000, 0x000000070d300000|100%| E|CS|TAMS 0x000000070d200000, 0x000000070d200000| Complete 
|  85|0x000000070d300000, 0x000000070d400000, 0x000000070d400000|100%| E|CS|TAMS 0x000000070d300000, 0x000000070d300000| Complete 
|  86|0x000000070d400000, 0x000000070d500000, 0x000000070d500000|100%| E|CS|TAMS 0x000000070d400000, 0x000000070d400000| Complete 
|  87|0x000000070d500000, 0x000000070d600000, 0x000000070d600000|100%| E|CS|TAMS 0x000000070d500000, 0x000000070d500000| Complete 
|  88|0x000000070d600000, 0x000000070d700000, 0x000000070d700000|100%| E|CS|TAMS 0x000000070d600000, 0x000000070d600000| Complete 
|  89|0x000000070d700000, 0x000000070d800000, 0x000000070d800000|100%| E|CS|TAMS 0x000000070d700000, 0x000000070d700000| Complete 
|  90|0x000000070d800000, 0x000000070d900000, 0x000000070d900000|100%| E|CS|TAMS 0x000000070d800000, 0x000000070d800000| Complete 
|  91|0x000000070d900000, 0x000000070da00000, 0x000000070da00000|100%| E|CS|TAMS 0x000000070d900000, 0x000000070d900000| Complete 
|  92|0x000000070da00000, 0x000000070db00000, 0x000000070db00000|100%| E|CS|TAMS 0x000000070da00000, 0x000000070da00000| Complete 
|  93|0x000000070db00000, 0x000000070dc00000, 0x000000070dc00000|100%| E|CS|TAMS 0x000000070db00000, 0x000000070db00000| Complete 
|  94|0x000000070dc00000, 0x000000070dd00000, 0x000000070dd00000|100%| E|CS|TAMS 0x000000070dc00000, 0x000000070dc00000| Complete 
|  95|0x000000070dd00000, 0x000000070de00000, 0x000000070de00000|100%| E|CS|TAMS 0x000000070dd00000, 0x000000070dd00000| Complete 
|  96|0x000000070de00000, 0x000000070df00000, 0x000000070df00000|100%| E|CS|TAMS 0x000000070de00000, 0x000000070de00000| Complete 
|  97|0x000000070df00000, 0x000000070e000000, 0x000000070e000000|100%| E|CS|TAMS 0x000000070df00000, 0x000000070df00000| Complete 
|  98|0x000000070e000000, 0x000000070e100000, 0x000000070e100000|100%| E|CS|TAMS 0x000000070e000000, 0x000000070e000000| Complete 
|  99|0x000000070e100000, 0x000000070e200000, 0x000000070e200000|100%| E|CS|TAMS 0x000000070e100000, 0x000000070e100000| Complete 
| 100|0x000000070e200000, 0x000000070e300000, 0x000000070e300000|100%| E|CS|TAMS 0x000000070e200000, 0x000000070e200000| Complete 
| 101|0x000000070e300000, 0x000000070e400000, 0x000000070e400000|100%| E|CS|TAMS 0x000000070e300000, 0x000000070e300000| Complete 
| 102|0x000000070e400000, 0x000000070e500000, 0x000000070e500000|100%| E|CS|TAMS 0x000000070e400000, 0x000000070e400000| Complete 
| 103|0x000000070e500000, 0x000000070e600000, 0x000000070e600000|100%| E|CS|TAMS 0x000000070e500000, 0x000000070e500000| Complete 
| 104|0x000000070e600000, 0x000000070e700000, 0x000000070e700000|100%| E|CS|TAMS 0x000000070e600000, 0x000000070e600000| Complete 
| 105|0x000000070e700000, 0x000000070e800000, 0x000000070e800000|100%| E|CS|TAMS 0x000000070e700000, 0x000000070e700000| Complete 
| 106|0x000000070e800000, 0x000000070e900000, 0x000000070e900000|100%| E|CS|TAMS 0x000000070e800000, 0x000000070e800000| Complete 
| 107|0x000000070e900000, 0x000000070ea00000, 0x000000070ea00000|100%| E|CS|TAMS 0x000000070e900000, 0x000000070e900000| Complete 
| 108|0x000000070ea00000, 0x000000070eb00000, 0x000000070eb00000|100%| E|CS|TAMS 0x000000070ea00000, 0x000000070ea00000| Complete 
| 109|0x000000070eb00000, 0x000000070ec00000, 0x000000070ec00000|100%| E|CS|TAMS 0x000000070eb00000, 0x000000070eb00000| Complete 
| 110|0x000000070ec00000, 0x000000070ed00000, 0x000000070ed00000|100%| E|CS|TAMS 0x000000070ec00000, 0x000000070ec00000| Complete 
| 111|0x000000070ed00000, 0x000000070ee00000, 0x000000070ee00000|100%| E|CS|TAMS 0x000000070ed00000, 0x000000070ed00000| Complete 
| 112|0x000000070ee00000, 0x000000070ef00000, 0x000000070ef00000|100%| E|CS|TAMS 0x000000070ee00000, 0x000000070ee00000| Complete 
| 113|0x000000070ef00000, 0x000000070f000000, 0x000000070f000000|100%| E|CS|TAMS 0x000000070ef00000, 0x000000070ef00000| Complete 
| 114|0x000000070f000000, 0x000000070f100000, 0x000000070f100000|100%| E|CS|TAMS 0x000000070f000000, 0x000000070f000000| Complete 
| 115|0x000000070f100000, 0x000000070f200000, 0x000000070f200000|100%| E|CS|TAMS 0x000000070f100000, 0x000000070f100000| Complete 
| 116|0x000000070f200000, 0x000000070f300000, 0x000000070f300000|100%| E|CS|TAMS 0x000000070f200000, 0x000000070f200000| Complete 
| 117|0x000000070f300000, 0x000000070f400000, 0x000000070f400000|100%| E|CS|TAMS 0x000000070f300000, 0x000000070f300000| Complete 
| 118|0x000000070f400000, 0x000000070f500000, 0x000000070f500000|100%| E|CS|TAMS 0x000000070f400000, 0x000000070f400000| Complete 
| 119|0x000000070f500000, 0x000000070f600000, 0x000000070f600000|100%| E|CS|TAMS 0x000000070f500000, 0x000000070f500000| Complete 
| 120|0x000000070f600000, 0x000000070f700000, 0x000000070f700000|100%| E|CS|TAMS 0x000000070f600000, 0x000000070f600000| Complete 
| 121|0x000000070f700000, 0x000000070f800000, 0x000000070f800000|100%| E|CS|TAMS 0x000000070f700000, 0x000000070f700000| Complete 
| 122|0x000000070f800000, 0x000000070f900000, 0x000000070f900000|100%| E|CS|TAMS 0x000000070f800000, 0x000000070f800000| Complete 
| 123|0x000000070f900000, 0x000000070fa00000, 0x000000070fa00000|100%| E|CS|TAMS 0x000000070f900000, 0x000000070f900000| Complete 
| 124|0x000000070fa00000, 0x000000070fb00000, 0x000000070fb00000|100%| E|CS|TAMS 0x000000070fa00000, 0x000000070fa00000| Complete 
| 125|0x000000070fb00000, 0x000000070fc00000, 0x000000070fc00000|100%| E|CS|TAMS 0x000000070fb00000, 0x000000070fb00000| Complete 
| 126|0x000000070fc00000, 0x000000070fd00000, 0x000000070fd00000|100%| E|CS|TAMS 0x000000070fc00000, 0x000000070fc00000| Complete 
| 127|0x000000070fd00000, 0x000000070fe00000, 0x000000070fe00000|100%| E|CS|TAMS 0x000000070fd00000, 0x000000070fd00000| Complete 
| 128|0x000000070fe00000, 0x000000070ff00000, 0x000000070ff00000|100%| E|CS|TAMS 0x000000070fe00000, 0x000000070fe00000| Complete 
| 129|0x000000070ff00000, 0x0000000710000000, 0x0000000710000000|100%| E|CS|TAMS 0x000000070ff00000, 0x000000070ff00000| Complete 
| 130|0x0000000710000000, 0x0000000710100000, 0x0000000710100000|100%| E|CS|TAMS 0x0000000710000000, 0x0000000710000000| Complete 
| 131|0x0000000710100000, 0x0000000710200000, 0x0000000710200000|100%| E|CS|TAMS 0x0000000710100000, 0x0000000710100000| Complete 
| 132|0x0000000710200000, 0x0000000710300000, 0x0000000710300000|100%| E|CS|TAMS 0x0000000710200000, 0x0000000710200000| Complete 
| 139|0x0000000710900000, 0x00000007109444a8, 0x0000000710a00000| 26%| O|  |TAMS 0x0000000710900000, 0x0000000710900000| Untracked 
| 148|0x0000000711200000, 0x000000071129c208, 0x0000000711300000| 60%| O|  |TAMS 0x0000000711200000, 0x0000000711200000| Untracked 
| 149|0x0000000711300000, 0x00000007113ffff8, 0x0000000711400000| 99%| O|  |TAMS 0x0000000711300000, 0x0000000711300000| Untracked 
| 150|0x0000000711400000, 0x00000007114e2690, 0x0000000711500000| 88%| O|  |TAMS 0x0000000711400000, 0x0000000711400000| Untracked 
| 152|0x0000000711600000, 0x0000000711658860, 0x0000000711700000| 34%| O|  |TAMS 0x0000000711600000, 0x0000000711600000| Untracked 
|2944|0x00000007bfe00000, 0x00000007bfe47000, 0x00000007bff00000| 27%|OA|  |TAMS 0x00000007bfe47000, 0x00000007bfe00000| Untracked 
|2945|0x00000007bff00000, 0x00000007bff6b000, 0x00000007c0000000| 41%|CA|  |TAMS 0x00000007bff6b000, 0x00000007bff00000| Untracked 

Card table byte_map: [0x00007fcd7f83f000,0x00007fcd80000000] _byte_map_base: 0x00007fcd7c000000

Marking Bits (Prev, Next): (CMBitMap*) 0x00007fcd9c081c90, (CMBitMap*) 0x00007fcd9c081c58
 Prev Bits: [0x00007fcd7746e000, 0x00007fcd7b276000)
 Next Bits: [0x00007fcd7b276000, 0x00007fcd7f07e000)

Polling page: 0x00007fcda512c000

Metaspace:

Usage:
  Non-class:     59.57 MB capacity,    58.12 MB ( 98%) used,     1.19 MB (  2%) free+waste,   262.19 KB ( <1%) overhead. 
      Class:      9.87 MB capacity,     9.01 MB ( 91%) used,   755.07 KB (  7%) free+waste,   126.06 KB (  1%) overhead. 
       Both:     69.45 MB capacity,    67.14 MB ( 97%) used,     1.93 MB (  3%) free+waste,   388.25 KB ( <1%) overhead. 

Virtual space:
  Non-class space:       60.00 MB reserved,      59.67 MB (>99%) committed 
      Class space:        1.00 GB reserved,       9.88 MB ( <1%) committed 
             Both:        1.06 GB reserved,      69.54 MB (  6%) committed 

Chunk freelists:
   Non-Class:  33.00 KB
       Class:  2.00 KB
        Both:  35.00 KB

MaxMetaspaceSize: unlimited
CompressedClassSpaceSize: 1.00 GB

CodeHeap 'non-profiled nmethods': size=238384Kb used=19196Kb max_used=19196Kb free=219187Kb
 bounds [0x00007fcd84fc5000, 0x00007fcd86285000, 0x00007fcd93891000]
CodeHeap 'non-nmethods': size=7376Kb used=1349Kb max_used=1349Kb free=6026Kb
 bounds [0x00007fcd84891000, 0x00007fcd84b01000, 0x00007fcd84fc5000]
 total_blobs=11414 nmethods=10732 adapters=615
 compilation: enabled
              stopped_count=0, restarted_count=0
 full_count=0

Compilation events (20 events):
Event: 1271.466 Thread 0x00007fcd9c247000 10724       1       org.springframework.core.convert.support.GenericConversionService$Converters::getClassHierarchy (227 bytes)
Event: 1271.467 Thread 0x00007fcd9c247000 nmethod 10724 0x00007fcd8627bd90 code [0x00007fcd8627c100, 0x00007fcd8627cca0]
Event: 1271.496 Thread 0x00007fcd9c247000 10725       1       java.util.concurrent.ConcurrentHashMap::<init> (5 bytes)
Event: 1271.496 Thread 0x00007fcd9c247000 nmethod 10725 0x00007fcd8627d510 code [0x00007fcd8627d6c0, 0x00007fcd8627d790]
Event: 1271.497 Thread 0x00007fcd9c247000 10726       1       java.nio.HeapCharBuffer::get (14 bytes)
Event: 1271.497 Thread 0x00007fcd9c247000 nmethod 10726 0x00007fcd8627d810 code [0x00007fcd8627d9e0, 0x00007fcd8627db80]
Event: 1271.539 Thread 0x00007fcd9c247000 10727       1       java.util.StringTokenizer::hasMoreElements (5 bytes)
Event: 1271.540 Thread 0x00007fcd9c247000 nmethod 10727 0x00007fcd8627dd10 code [0x00007fcd8627dec0, 0x00007fcd8627dfe0]
Event: 1271.541 Thread 0x00007fcd9c247000 10728       1       org.apache.catalina.core.ContainerBase::fireContainerEvent (70 bytes)
Event: 1271.542 Thread 0x00007fcd9c247000 nmethod 10728 0x00007fcd8627e090 code [0x00007fcd8627e2a0, 0x00007fcd8627e700]
Event: 1271.542 Thread 0x00007fcd9c247000 10729   !   1       org.apache.catalina.core.StandardContext::addMimeMapping (46 bytes)
Event: 1271.543 Thread 0x00007fcd9c247000 nmethod 10729 0x00007fcd8627e910 code [0x00007fcd8627eb00, 0x00007fcd8627ef10]
Event: 1271.818 Thread 0x00007fcd9c247000 10730       1       java.rmi.server.UID::equals (54 bytes)
Event: 1271.818 Thread 0x00007fcd9c247000 nmethod 10730 0x00007fcd8627f110 code [0x00007fcd8627f2c0, 0x00007fcd8627f490]
Event: 1271.819 Thread 0x00007fcd9c247000 10731       1       java.io.ObjectStreamClass::getClassDataLayout0 (296 bytes)
Event: 1271.821 Thread 0x00007fcd9c247000 nmethod 10731 0x00007fcd8627f590 code [0x00007fcd8627f920, 0x00007fcd86280d70]
Event: 1271.821 Thread 0x00007fcd9c247000 10733   !   1       sun.rmi.server.LoaderHandler::getClassAnnotation (234 bytes)
Event: 1271.824 Thread 0x00007fcd9c247000 nmethod 10733 0x00007fcd86281a90 code [0x00007fcd86281e00, 0x00007fcd86282fb0]
Event: 1271.824 Thread 0x00007fcd9c247000 10732       1       java.io.ObjectOutputStream::writeInt (9 bytes)
Event: 1271.824 Thread 0x00007fcd9c247000 nmethod 10732 0x00007fcd86283d90 code [0x00007fcd86283f40, 0x00007fcd86284040]

GC Heap History (20 events):
Event: 15.824 GC heap before
{Heap before GC invocations=11 (full 0):
 garbage-first heap   total 310272K, used 195634K [0x0000000707e00000, 0x0000000800000000)
  region size 1024K, 181 young (185344K), 18 survivors (18432K)
 Metaspace       used 55126K, capacity 56985K, committed 57216K, reserved 1097728K
  class space    used 7504K, capacity 8231K, committed 8320K, reserved 1048576K
}
Event: 15.845 GC heap after
{Heap after GC invocations=12 (full 0):
 garbage-first heap   total 372736K, used 33168K [0x0000000707e00000, 0x0000000800000000)
  region size 1024K, 17 young (17408K), 17 survivors (17408K)
 Metaspace       used 55126K, capacity 56985K, committed 57216K, reserved 1097728K
  class space    used 7504K, capacity 8231K, committed 8320K, reserved 1048576K
}
Event: 16.469 GC heap before
{Heap before GC invocations=12 (full 0):
 garbage-first heap   total 372736K, used 155024K [0x0000000707e00000, 0x0000000800000000)
  region size 1024K, 137 young (140288K), 17 survivors (17408K)
 Metaspace       used 57832K, capacity 59769K, committed 59948K, reserved 1101824K
  class space    used 7821K, capacity 8556K, committed 8576K, reserved 1048576K
}
Event: 16.484 GC heap after
{Heap after GC invocations=13 (full 0):
 garbage-first heap   total 372736K, used 36552K [0x0000000707e00000, 0x0000000800000000)
  region size 1024K, 16 young (16384K), 16 survivors (16384K)
 Metaspace       used 57832K, capacity 59769K, committed 59948K, reserved 1101824K
  class space    used 7821K, capacity 8556K, committed 8576K, reserved 1048576K
}
Event: 17.229 GC heap before
{Heap before GC invocations=14 (full 0):
 garbage-first heap   total 372736K, used 247496K [0x0000000707e00000, 0x0000000800000000)
  region size 1024K, 218 young (223232K), 16 survivors (16384K)
 Metaspace       used 60485K, capacity 62522K, committed 62764K, reserved 1103872K
  class space    used 8183K, capacity 8999K, committed 9088K, reserved 1048576K
}
Event: 17.243 GC heap after
{Heap after GC invocations=15 (full 0):
 garbage-first heap   total 372736K, used 39722K [0x0000000707e00000, 0x0000000800000000)
  region size 1024K, 18 young (18432K), 18 survivors (18432K)
 Metaspace       used 60485K, capacity 62522K, committed 62764K, reserved 1103872K
  class space    used 8183K, capacity 8999K, committed 9088K, reserved 1048576K
}
Event: 100.677 GC heap before
{Heap before GC invocations=15 (full 0):
 garbage-first heap   total 372736K, used 244522K [0x0000000707e00000, 0x0000000800000000)
  region size 1024K, 218 young (223232K), 18 survivors (18432K)
 Metaspace       used 66462K, capacity 68625K, committed 68908K, reserved 1107968K
  class space    used 8955K, capacity 9793K, committed 9856K, reserved 1048576K
}
Event: 100.693 GC heap after
{Heap after GC invocations=16 (full 0):
 garbage-first heap   total 372736K, used 43354K [0x0000000707e00000, 0x0000000800000000)
  region size 1024K, 15 young (15360K), 15 survivors (15360K)
 Metaspace       used 66462K, capacity 68625K, committed 68908K, reserved 1107968K
  class space    used 8955K, capacity 9793K, committed 9856K, reserved 1048576K
}
Event: 348.375 GC heap before
{Heap before GC invocations=16 (full 0):
 garbage-first heap   total 372736K, used 251226K [0x0000000707e00000, 0x0000000800000000)
  region size 1024K, 218 young (223232K), 15 survivors (15360K)
 Metaspace       used 66463K, capacity 68625K, committed 68908K, reserved 1107968K
  class space    used 8955K, capacity 9793K, committed 9856K, reserved 1048576K
}
Event: 348.385 GC heap after
{Heap after GC invocations=17 (full 0):
 garbage-first heap   total 372736K, used 43354K [0x0000000707e00000, 0x0000000800000000)
  region size 1024K, 15 young (15360K), 15 survivors (15360K)
 Metaspace       used 66463K, capacity 68625K, committed 68908K, reserved 1107968K
  class space    used 8955K, capacity 9793K, committed 9856K, reserved 1048576K
}
Event: 518.092 GC heap before
{Heap before GC invocations=17 (full 0):
 garbage-first heap   total 372736K, used 251226K [0x0000000707e00000, 0x0000000800000000)
  region size 1024K, 218 young (223232K), 15 survivors (15360K)
 Metaspace       used 67990K, capacity 70274K, committed 70316K, reserved 1110016K
  class space    used 9126K, capacity 9979K, committed 9984K, reserved 1048576K
}
Event: 518.108 GC heap after
{Heap after GC invocations=18 (full 0):
 garbage-first heap   total 372736K, used 43706K [0x0000000707e00000, 0x0000000800000000)
  region size 1024K, 16 young (16384K), 16 survivors (16384K)
 Metaspace       used 67990K, capacity 70274K, committed 70316K, reserved 1110016K
  class space    used 9126K, capacity 9979K, committed 9984K, reserved 1048576K
}
Event: 765.454 GC heap before
{Heap before GC invocations=18 (full 0):
 garbage-first heap   total 372736K, used 250554K [0x0000000707e00000, 0x0000000800000000)
  region size 1024K, 218 young (223232K), 16 survivors (16384K)
 Metaspace       used 67990K, capacity 70274K, committed 70316K, reserved 1110016K
  class space    used 9126K, capacity 9979K, committed 9984K, reserved 1048576K
}
Event: 765.486 GC heap after
{Heap after GC invocations=19 (full 0):
 garbage-first heap   total 372736K, used 43862K [0x0000000707e00000, 0x0000000800000000)
  region size 1024K, 12 young (12288K), 12 survivors (12288K)
 Metaspace       used 67990K, capacity 70274K, committed 70316K, reserved 1110016K
  class space    used 9126K, capacity 9979K, committed 9984K, reserved 1048576K
}
Event: 1018.048 GC heap before
{Heap before GC invocations=19 (full 0):
 garbage-first heap   total 372736K, used 254806K [0x0000000707e00000, 0x0000000800000000)
  region size 1024K, 218 young (223232K), 12 survivors (12288K)
 Metaspace       used 67990K, capacity 70274K, committed 70316K, reserved 1110016K
  class space    used 9126K, capacity 9979K, committed 9984K, reserved 1048576K
}
Event: 1018.072 GC heap after
{Heap after GC invocations=20 (full 0):
 garbage-first heap   total 372736K, used 43313K [0x0000000707e00000, 0x0000000800000000)
  region size 1024K, 11 young (11264K), 11 survivors (11264K)
 Metaspace       used 67990K, capacity 70274K, committed 70316K, reserved 1110016K
  class space    used 9126K, capacity 9979K, committed 9984K, reserved 1048576K
}
Event: 1267.167 GC heap before
{Heap before GC invocations=20 (full 0):
 garbage-first heap   total 372736K, used 250161K [0x0000000707e00000, 0x0000000800000000)
  region size 1024K, 214 young (219136K), 11 survivors (11264K)
 Metaspace       used 68137K, capacity 70495K, committed 70700K, reserved 1110016K
  class space    used 9151K, capacity 10031K, committed 10112K, reserved 1048576K
}
Event: 1267.354 GC heap after
{Heap after GC invocations=21 (full 1):
 garbage-first heap   total 143360K, used 37539K [0x0000000707e00000, 0x0000000800000000)
  region size 1024K, 0 young (0K), 0 survivors (0K)
 Metaspace       used 68133K, capacity 70489K, committed 70700K, reserved 1110016K
  class space    used 9151K, capacity 10030K, committed 10112K, reserved 1048576K
}
Event: 1271.239 GC heap before
{Heap before GC invocations=21 (full 1):
 garbage-first heap   total 143360K, used 119459K [0x0000000707e00000, 0x0000000800000000)
  region size 1024K, 81 young (82944K), 0 survivors (0K)
 Metaspace       used 68698K, capacity 71043K, committed 71212K, reserved 1110016K
  class space    used 9223K, capacity 10108K, committed 10112K, reserved 1048576K
}
Event: 1271.245 GC heap after
{Heap after GC invocations=22 (full 1):
 garbage-first heap   total 143360K, used 40472K [0x0000000707e00000, 0x0000000800000000)
  region size 1024K, 3 young (3072K), 3 survivors (3072K)
 Metaspace       used 68698K, capacity 71043K, committed 71212K, reserved 1110016K
  class space    used 9223K, capacity 10108K, committed 10112K, reserved 1048576K
}

Deoptimization events (20 events):
Event: 1271.540 Thread 0x00007fcd00034800 DEOPT PACKING pc=0x00007fcd8523a5bc sp=0x00007fcd5d0bf180
Event: 1271.540 Thread 0x00007fcd00034800 DEOPT UNPACKING pc=0x00007fcd848c85ba sp=0x00007fcd5d0be658 mode 1
Event: 1271.540 Thread 0x00007fcd00034800 DEOPT PACKING pc=0x00007fcd851d3474 sp=0x00007fcd5d0bf970
Event: 1271.540 Thread 0x00007fcd00034800 DEOPT UNPACKING pc=0x00007fcd848c85ba sp=0x00007fcd5d0bee68 mode 1
Event: 1271.540 Thread 0x00007fcd00034800 DEOPT PACKING pc=0x00007fcd853ec91c sp=0x00007fcd5d0bfa10
Event: 1271.540 Thread 0x00007fcd00034800 DEOPT UNPACKING pc=0x00007fcd848c85ba sp=0x00007fcd5d0befb8 mode 1
Event: 1271.541 Thread 0x00007fcd00034800 DEOPT PACKING pc=0x00007fcd8520f3ac sp=0x00007fcd5d0bf150
Event: 1271.541 Thread 0x00007fcd00034800 DEOPT UNPACKING pc=0x00007fcd848c85ba sp=0x00007fcd5d0be608 mode 1
Event: 1271.541 Thread 0x00007fcd00034800 DEOPT PACKING pc=0x00007fcd8523a5bc sp=0x00007fcd5d0bf220
Event: 1271.541 Thread 0x00007fcd00034800 DEOPT UNPACKING pc=0x00007fcd848c85ba sp=0x00007fcd5d0be6f8 mode 1
Event: 1271.541 Thread 0x00007fcd00034800 DEOPT PACKING pc=0x00007fcd851d3474 sp=0x00007fcd5d0bfa10
Event: 1271.541 Thread 0x00007fcd00034800 DEOPT UNPACKING pc=0x00007fcd848c85ba sp=0x00007fcd5d0bef20 mode 1
Event: 1271.541 Thread 0x00007fcd00034800 DEOPT PACKING pc=0x00007fcd85d1ae74 sp=0x00007fcd5d0bfb70
Event: 1271.541 Thread 0x00007fcd00034800 DEOPT UNPACKING pc=0x00007fcd848c85ba sp=0x00007fcd5d0bf0f0 mode 1
Event: 1271.821 Thread 0x00007fcd34003800 DEOPT PACKING pc=0x00007fcd85ac2e64 sp=0x00007fcd5d4bdd20
Event: 1271.821 Thread 0x00007fcd34003800 DEOPT UNPACKING pc=0x00007fcd848c85ba sp=0x00007fcd5d4bd250 mode 1
Event: 1271.821 Thread 0x00007fcd34003800 DEOPT PACKING pc=0x00007fcd860d8544 sp=0x00007fcd5d4bf6c0
Event: 1271.821 Thread 0x00007fcd34003800 DEOPT UNPACKING pc=0x00007fcd848c85ba sp=0x00007fcd5d4beb80 mode 1
Event: 1271.821 Thread 0x00007fcd34003800 DEOPT PACKING pc=0x00007fcd8621ec2c sp=0x00007fcd5d4bf710
Event: 1271.821 Thread 0x00007fcd34003800 DEOPT UNPACKING pc=0x00007fcd848c85ba sp=0x00007fcd5d4bec20 mode 1

Classes redefined (0 events):
No events

Internal exceptions (20 events):
Event: 31.387 Thread 0x00007fcd2c002000 Exception <a 'java/lang/ClassNotFoundException'{0x000000071c568680}: org/springframework/context/support/LiveBeansView> (0x000000071c568680) thrown at [./src/hotspot/share/classfile/systemDictionary.cpp, line 231]
Event: 31.387 Thread 0x00007fcd2c002000 Exception <a 'java/lang/ClassNotFoundException'{0x000000071c568a28}: org/springframework/context/support/LiveBeansView> (0x000000071c568a28) thrown at [./src/hotspot/share/classfile/systemDictionary.cpp, line 231]
Event: 31.387 Thread 0x00007fcd2c002000 Exception <a 'java/lang/ClassNotFoundException'{0x000000071c568de8}: org/springframework/context/support/LiveBeansView> (0x000000071c568de8) thrown at [./src/hotspot/share/classfile/systemDictionary.cpp, line 231]
Event: 31.387 Thread 0x00007fcd2c002000 Exception <a 'java/lang/ClassNotFoundException'{0x000000071c5691a0}: org/springframework/context/support/LiveBeansView> (0x000000071c5691a0) thrown at [./src/hotspot/share/classfile/systemDictionary.cpp, line 231]
Event: 31.388 Thread 0x00007fcd2c002000 Exception <a 'java/lang/ClassNotFoundException'{0x000000071c569550}: org/springframework/context/support/LiveBeansView> (0x000000071c569550) thrown at [./src/hotspot/share/classfile/systemDictionary.cpp, line 231]
Event: 31.388 Thread 0x00007fcd2c002000 Exception <a 'java/lang/ClassNotFoundException'{0x000000071c569910}: org/springframework/context/support/LiveBeansView> (0x000000071c569910) thrown at [./src/hotspot/share/classfile/systemDictionary.cpp, line 231]
Event: 31.388 Thread 0x00007fcd2c002000 Exception <a 'java/lang/ClassNotFoundException'{0x000000071c569cd0}: org/springframework/context/support/LiveBeansView> (0x000000071c569cd0) thrown at [./src/hotspot/share/classfile/systemDictionary.cpp, line 231]
Event: 31.388 Thread 0x00007fcd2c002000 Exception <a 'java/lang/ClassNotFoundException'{0x000000071c56a070}: org/springframework/context/support/LiveBeansView> (0x000000071c56a070) thrown at [./src/hotspot/share/classfile/systemDictionary.cpp, line 231]
Event: 31.388 Thread 0x00007fcd2c002000 Exception <a 'java/lang/ClassNotFoundException'{0x000000071c56a428}: org/springframework/context/support/LiveBeansView> (0x000000071c56a428) thrown at [./src/hotspot/share/classfile/systemDictionary.cpp, line 231]
Event: 31.388 Thread 0x00007fcd2c002000 Exception <a 'java/lang/ClassNotFoundException'{0x000000071c56a7d0}: org/springframework/context/support/LiveBeansView> (0x000000071c56a7d0) thrown at [./src/hotspot/share/classfile/systemDictionary.cpp, line 231]
Event: 31.389 Thread 0x00007fcd2c002000 Exception <a 'java/lang/ClassNotFoundException'{0x000000071c5a1990}: org/springframework/context/support/LiveBeansView> (0x000000071c5a1990) thrown at [./src/hotspot/share/classfile/systemDictionary.cpp, line 231]
Event: 31.389 Thread 0x00007fcd2c002000 Exception <a 'java/lang/ClassNotFoundException'{0x000000071c5a1de8}: org/springframework/context/support/LiveBeansView> (0x000000071c5a1de8) thrown at [./src/hotspot/share/classfile/systemDictionary.cpp, line 231]
Event: 31.389 Thread 0x00007fcd2c002000 Exception <a 'java/lang/ClassNotFoundException'{0x000000071c5a2198}: org/springframework/context/support/LiveBeansView> (0x000000071c5a2198) thrown at [./src/hotspot/share/classfile/systemDictionary.cpp, line 231]
Event: 31.389 Thread 0x00007fcd2c002000 Exception <a 'java/lang/ClassNotFoundException'{0x000000071c5a2548}: org/springframework/context/support/LiveBeansView> (0x000000071c5a2548) thrown at [./src/hotspot/share/classfile/systemDictionary.cpp, line 231]
Event: 34.634 Thread 0x00007fcce971e800 Exception <a 'java/lang/NoSuchMethodError'{0x000000071a84d9b0}: 'java.lang.Object java.lang.invoke.DirectMethodHandle$Holder.invokeStaticInit(java.lang.Object, java.lang.Object, java.lang.Object, java.lang.Object, java.lang.Object, java.lang.Object)'> (0x000000071a84d9b0) thrown at [./src/hotspot/share/interpreter/linkResolver.cpp, line 773]
Event: 456.913 Thread 0x00007fcce9720800 Exception <a 'java/lang/ClassNotFoundException'{0x0000000717f055b8}: java/lang/ObjectCustomizer> (0x0000000717f055b8) thrown at [./src/hotspot/share/classfile/systemDictionary.cpp, line 231]
Event: 456.916 Thread 0x00007fcce9720800 Exception <a 'java/lang/ClassNotFoundException'{0x0000000717f27a10}: com/spykke/internal/adcampaign/login/entity/LoginUserCustomizer> (0x0000000717f27a10) thrown at [./src/hotspot/share/classfile/systemDictionary.cpp, line 231]
Event: 1266.733 Thread 0x00007fcce8b57000 Exception <a 'java/lang/InterruptedException'{0x00000007120eb1f8}: sleep interrupted> (0x00000007120eb1f8) thrown at [./src/hotspot/share/prims/jvm.cpp, line 3125]
Event: 1267.657 Thread 0x00007fcd00034800 Exception <a 'java/io/FileNotFoundException'{0x00000007101994e8}> (0x00000007101994e8) thrown at [./src/hotspot/share/prims/jni.cpp, line 615]
Event: 1271.821 Thread 0x00007fcd34003800 Exception <a 'java/security/PrivilegedActionException'{0x000000070c419668}> (0x000000070c419668) thrown at [./src/hotspot/share/prims/jvm.cpp, line 1306]

Events (20 events):
Event: 1271.341 loading class org/springframework/web/reactive/HandlerResult done
Event: 1271.342 loading class org/springframework/messaging/rsocket/annotation/support/RSocketMessageHandler
Event: 1271.342 loading class org/springframework/messaging/rsocket/annotation/support/RSocketMessageHandler done
Event: 1271.349 loading class org/springframework/security/oauth2/jwt/JwtDecoder
Event: 1271.349 loading class org/springframework/security/oauth2/jwt/JwtDecoder done
Event: 1271.349 loading class org/springframework/security/oauth2/server/resource/introspection/OpaqueTokenIntrospector
Event: 1271.349 loading class org/springframework/security/oauth2/server/resource/introspection/OpaqueTokenIntrospector done
Event: 1271.411 loading class javax/inject/Inject
Event: 1271.411 loading class javax/inject/Inject done
Event: 1271.411 loading class javax/inject$Inject
Event: 1271.411 loading class javax/inject$Inject done
Event: 1271.539 loading class org/apache/jasper/servlet/JspServlet
Event: 1271.539 loading class org/apache/jasper/servlet/JspServlet done
Event: 1271.540 loading class org/apache/jasper/servlet$JspServlet
Event: 1271.540 loading class org/apache/jasper/servlet$JspServlet done
Event: 1271.814 Thread 0x00007fcd38001800 Thread exited: 0x00007fcd38001800
Event: 1271.818 Thread 0x00007fccf4008800 Thread added: 0x00007fccf4008800
Event: 1271.818 Protecting memory [0x00007fcd5f112000,0x00007fcd5f116000] with protection modes 0
Event: 1271.825 Thread 0x00007fccf4008800 Thread exited: 0x00007fccf4008800
Event: 1271.871 loading class jdk/internal/misc/Signal$1


Dynamic libraries:
707e00000-710300000 rw-p 00000000 00:00 0 
710300000-710900000 ---p 00000000 00:00 0 
710900000-710a00000 rw-p 00000000 00:00 0 
710a00000-711200000 ---p 00000000 00:00 0 
711200000-711500000 rw-p 00000000 00:00 0 
711500000-711600000 ---p 00000000 00:00 0 
711600000-711700000 rw-p 00000000 00:00 0 
711700000-7bfe00000 ---p 00000000 00:00 0 
7bfe00000-7bfe47000 rw-p 01111000 08:02 3936982                          /usr/lib/jvm/java-11-openjdk-amd64/lib/server/classes.jsa
7bfe47000-7bff00000 rw-p 00000000 00:00 0 
7bff00000-7bff6b000 rw-p 010a6000 08:02 3936982                          /usr/lib/jvm/java-11-openjdk-amd64/lib/server/classes.jsa
7bff6b000-7c0000000 rw-p 00000000 00:00 0 
7c0000000-800000000 ---p 00000000 00:00 0 
800000000-800002000 rwxp 00001000 08:02 3936982                          /usr/lib/jvm/java-11-openjdk-amd64/lib/server/classes.jsa
800002000-8010a5000 rw-p 00003000 08:02 3936982                          /usr/lib/jvm/java-11-openjdk-amd64/lib/server/classes.jsa
840000000-8409e0000 rw-p 00000000 00:00 0 
8409e0000-880000000 ---p 00000000 00:00 0 
559c8865f000-559c88660000 r-xp 00000000 08:02 1049540                    /usr/lib/jvm/java-11-openjdk-amd64/bin/java
559c88860000-559c88861000 r--p 00001000 08:02 1049540                    /usr/lib/jvm/java-11-openjdk-amd64/bin/java
559c88861000-559c88862000 rw-p 00002000 08:02 1049540                    /usr/lib/jvm/java-11-openjdk-amd64/bin/java
559c890ce000-559c890ef000 rw-p 00000000 00:00 0                          [heap]
7fcc7c000000-7fcc7c021000 rw-p 00000000 00:00 0 
7fcc7c021000-7fcc80000000 ---p 00000000 00:00 0 
7fcc83c00000-7fcc83dc0000 rw-p 00000000 00:00 0 
7fcc83dc0000-7fcc83e00000 ---p 00000000 00:00 0 
7fcc83e00000-7fcc84000000 rw-p 00000000 00:00 0 
7fcc84000000-7fcc84048000 rw-p 00000000 00:00 0 
7fcc84048000-7fcc88000000 ---p 00000000 00:00 0 
7fcc88000000-7fcc88021000 rw-p 00000000 00:00 0 
7fcc88021000-7fcc8c000000 ---p 00000000 00:00 0 
7fcc8c000000-7fcc8c234000 rw-p 00000000 00:00 0 
7fcc8c234000-7fcc90000000 ---p 00000000 00:00 0 
7fcc90000000-7fcc90049000 rw-p 00000000 00:00 0 
7fcc90049000-7fcc94000000 ---p 00000000 00:00 0 
7fcc94000000-7fcc940d7000 rw-p 00000000 00:00 0 
7fcc940d7000-7fcc98000000 ---p 00000000 00:00 0 
7fcc98000000-7fcc980cf000 rw-p 00000000 00:00 0 
7fcc980cf000-7fcc9c000000 ---p 00000000 00:00 0 
7fcc9c000000-7fcc9c09e000 rw-p 00000000 00:00 0 
7fcc9c09e000-7fcca0000000 ---p 00000000 00:00 0 
7fcca0000000-7fcca004a000 rw-p 00000000 00:00 0 
7fcca004a000-7fcca4000000 ---p 00000000 00:00 0 
7fcca4000000-7fcca404e000 rw-p 00000000 00:00 0 
7fcca404e000-7fcca8000000 ---p 00000000 00:00 0 
7fcca8000000-7fcca8054000 rw-p 00000000 00:00 0 
7fcca8054000-7fccac000000 ---p 00000000 00:00 0 
7fccac000000-7fccac030000 rw-p 00000000 00:00 0 
7fccac030000-7fccb0000000 ---p 00000000 00:00 0 
7fccb0000000-7fccb0069000 rw-p 00000000 00:00 0 
7fccb0069000-7fccb4000000 ---p 00000000 00:00 0 
7fccb4000000-7fccb4030000 rw-p 00000000 00:00 0 
7fccb4030000-7fccb8000000 ---p 00000000 00:00 0 
7fccb8000000-7fccb802f000 rw-p 00000000 00:00 0 
7fccb802f000-7fccbc000000 ---p 00000000 00:00 0 
7fccbc000000-7fccbc021000 rw-p 00000000 00:00 0 
7fccbc021000-7fccc0000000 ---p 00000000 00:00 0 
7fccc0000000-7fccc005a000 rw-p 00000000 00:00 0 
7fccc005a000-7fccc4000000 ---p 00000000 00:00 0 
7fccc4000000-7fccc4021000 rw-p 00000000 00:00 0 
7fccc4021000-7fccc8000000 ---p 00000000 00:00 0 
7fccc8000000-7fccc8021000 rw-p 00000000 00:00 0 
7fccc8021000-7fcccc000000 ---p 00000000 00:00 0 
7fcccc000000-7fcccc021000 rw-p 00000000 00:00 0 
7fcccc021000-7fccd0000000 ---p 00000000 00:00 0 
7fccd0000000-7fccd0021000 rw-p 00000000 00:00 0 
7fccd0021000-7fccd4000000 ---p 00000000 00:00 0 
7fccd4000000-7fccd4021000 rw-p 00000000 00:00 0 
7fccd4021000-7fccd8000000 ---p 00000000 00:00 0 
7fccd8000000-7fccd8021000 rw-p 00000000 00:00 0 
7fccd8021000-7fccdc000000 ---p 00000000 00:00 0 
7fccdc197000-7fccdc397000 rw-p 00000000 00:00 0 
7fccdc397000-7fccdc39b000 ---p 00000000 00:00 0 
7fccdc39b000-7fccdc498000 rw-p 00000000 00:00 0 
7fccdc498000-7fccdc49c000 ---p 00000000 00:00 0 
7fccdc49c000-7fccdc799000 rw-p 00000000 00:00 0 
7fccdc799000-7fccdc79d000 ---p 00000000 00:00 0 
7fccdc79d000-7fccdc89a000 rw-p 00000000 00:00 0 
7fccdc89a000-7fccdc89e000 ---p 00000000 00:00 0 
7fccdc89e000-7fccdc99b000 rw-p 00000000 00:00 0 
7fccdc99b000-7fccdc99f000 ---p 00000000 00:00 0 
7fccdc99f000-7fccdca9c000 rw-p 00000000 00:00 0 
7fccdca9c000-7fccdcaa0000 ---p 00000000 00:00 0 
7fccdcaa0000-7fccdcb9d000 rw-p 00000000 00:00 0 
7fccdcb9d000-7fccdcba1000 ---p 00000000 00:00 0 
7fccdcba1000-7fccdcc9e000 rw-p 00000000 00:00 0 
7fccdcc9e000-7fccdcca2000 ---p 00000000 00:00 0 
7fccdcca2000-7fccdcd9f000 rw-p 00000000 00:00 0 
7fccdcd9f000-7fccdcda3000 ---p 00000000 00:00 0 
7fccdcda3000-7fccdcea0000 rw-p 00000000 00:00 0 
7fccdcea0000-7fccdcea4000 ---p 00000000 00:00 0 
7fccdcea4000-7fccdcfa1000 rw-p 00000000 00:00 0 
7fccdcfa1000-7fccdcfa5000 ---p 00000000 00:00 0 
7fccdcfa5000-7fccdd0a2000 rw-p 00000000 00:00 0 
7fccdd0a2000-7fccdd0a6000 ---p 00000000 00:00 0 
7fccdd0a6000-7fccdd1a3000 rw-p 00000000 00:00 0 
7fccdd1a3000-7fccdd1a7000 ---p 00000000 00:00 0 
7fccdd1a7000-7fccdd2a4000 rw-p 00000000 00:00 0 
7fccdd2a4000-7fccdd2a8000 ---p 00000000 00:00 0 
7fccdd2a8000-7fccdd3a5000 rw-p 00000000 00:00 0 
7fccdd3a5000-7fccdd3a9000 ---p 00000000 00:00 0 
7fccdd3a9000-7fccdd4a6000 rw-p 00000000 00:00 0 
7fccdd4a6000-7fccdd4aa000 ---p 00000000 00:00 0 
7fccdd4aa000-7fccdd792000 rw-p 00000000 00:00 0 
7fccdd792000-7fccdd7a7000 ---p 00000000 00:00 0 
7fccdd7a7000-7fccdd9a7000 rw-p 00000000 00:00 0 
7fccdd9a7000-7fccddba7000 rw-p 00000000 00:00 0 
7fccddba7000-7fccddda7000 rw-p 00000000 00:00 0 
7fccddda7000-7fccdddab000 ---p 00000000 00:00 0 
7fccdddab000-7fccde0a8000 rw-p 00000000 00:00 0 
7fccde0a8000-7fccde2a8000 rw-p 00000000 00:00 0 
7fccde2a8000-7fccde4a8000 rw-p 00000000 00:00 0 
7fccde4a8000-7fccde4ac000 ---p 00000000 00:00 0 
7fccde4ac000-7fccde7a9000 rw-p 00000000 00:00 0 
7fccde7a9000-7fccde7ad000 ---p 00000000 00:00 0 
7fccde7ad000-7fccdeaaa000 rw-p 00000000 00:00 0 
7fccdeaaa000-7fccdead4000 r-xp 00000000 08:02 3938069                    /usr/lib/jvm/java-11-openjdk-amd64/lib/libsunec.so
7fccdead4000-7fccdecd3000 ---p 0002a000 08:02 3938069                    /usr/lib/jvm/java-11-openjdk-amd64/lib/libsunec.so
7fccdecd3000-7fccdecd7000 r--p 00029000 08:02 3938069                    /usr/lib/jvm/java-11-openjdk-amd64/lib/libsunec.so
7fccdecd7000-7fccdecd9000 rw-p 0002d000 08:02 3938069                    /usr/lib/jvm/java-11-openjdk-amd64/lib/libsunec.so
7fccdecd9000-7fccdeed9000 rw-p 00000000 00:00 0 
7fccdeed9000-7fccdeef0000 r-xp 00000000 08:02 22550877                   /lib/x86_64-linux-gnu/libresolv-2.27.so
7fccdeef0000-7fccdf0ef000 ---p 00017000 08:02 22550877                   /lib/x86_64-linux-gnu/libresolv-2.27.so
7fccdf0ef000-7fccdf0f0000 r--p 00016000 08:02 22550877                   /lib/x86_64-linux-gnu/libresolv-2.27.so
7fccdf0f0000-7fccdf0f1000 rw-p 00017000 08:02 22550877                   /lib/x86_64-linux-gnu/libresolv-2.27.so
7fccdf0f1000-7fccdf0f3000 rw-p 00000000 00:00 0 
7fccdf0f3000-7fccdf0f8000 r-xp 00000000 08:02 22550870                   /lib/x86_64-linux-gnu/libnss_dns-2.27.so
7fccdf0f8000-7fccdf2f8000 ---p 00005000 08:02 22550870                   /lib/x86_64-linux-gnu/libnss_dns-2.27.so
7fccdf2f8000-7fccdf2f9000 r--p 00005000 08:02 22550870                   /lib/x86_64-linux-gnu/libnss_dns-2.27.so
7fccdf2f9000-7fccdf2fa000 rw-p 00006000 08:02 22550870                   /lib/x86_64-linux-gnu/libnss_dns-2.27.so
7fccdf2fa000-7fccdf2fc000 r-xp 00000000 08:02 22549264                   /lib/x86_64-linux-gnu/libnss_mdns4_minimal.so.2
7fccdf2fc000-7fccdf4fb000 ---p 00002000 08:02 22549264                   /lib/x86_64-linux-gnu/libnss_mdns4_minimal.so.2
7fccdf4fb000-7fccdf4fc000 r--p 00001000 08:02 22549264                   /lib/x86_64-linux-gnu/libnss_mdns4_minimal.so.2
7fccdf4fc000-7fccdf4fd000 rw-p 00002000 08:02 22549264                   /lib/x86_64-linux-gnu/libnss_mdns4_minimal.so.2
7fccdf4fd000-7fccdf6fd000 rw-p 00000000 00:00 0 
7fccdf6fd000-7fccdf8fd000 rw-p 00000000 00:00 0 
7fccdf8fd000-7fccdf901000 ---p 00000000 00:00 0 
7fccdf901000-7fccdf9fe000 rw-p 00000000 00:00 0 
7fccdf9fe000-7fccdfa02000 ---p 00000000 00:00 0 
7fccdfa02000-7fccdfaff000 rw-p 00000000 00:00 0 
7fccdfaff000-7fccdfb03000 ---p 00000000 00:00 0 
7fccdfb03000-7fccdfe00000 rw-p 00000000 00:00 0 
7fccdfe00000-7fcce0000000 rw-p 00000000 00:00 0 
7fcce0000000-7fcce0022000 rw-p 00000000 00:00 0 
7fcce0022000-7fcce4000000 ---p 00000000 00:00 0 
7fcce4000000-7fcce403b000 rw-p 00000000 00:00 0 
7fcce403b000-7fcce8000000 ---p 00000000 00:00 0 
7fcce8000000-7fcce973b000 rw-p 00000000 00:00 0 
7fcce973b000-7fccec000000 ---p 00000000 00:00 0 
7fccec000000-7fccec352000 rw-p 00000000 00:00 0 
7fccec352000-7fccf0000000 ---p 00000000 00:00 0 
7fccf0000000-7fccf0021000 rw-p 00000000 00:00 0 
7fccf0021000-7fccf4000000 ---p 00000000 00:00 0 
7fccf4000000-7fccf4021000 rw-p 00000000 00:00 0 
7fccf4021000-7fccf8000000 ---p 00000000 00:00 0 
7fccf8000000-7fccf8021000 rw-p 00000000 00:00 0 
7fccf8021000-7fccfc000000 ---p 00000000 00:00 0 
7fccfc000000-7fccfc0c2000 rw-p 00000000 00:00 0 
7fccfc0c2000-7fcd00000000 ---p 00000000 00:00 0 
7fcd00000000-7fcd00038000 rw-p 00000000 00:00 0 
7fcd00038000-7fcd04000000 ---p 00000000 00:00 0 
7fcd04000000-7fcd04021000 rw-p 00000000 00:00 0 
7fcd04021000-7fcd08000000 ---p 00000000 00:00 0 
7fcd08000000-7fcd08021000 rw-p 00000000 00:00 0 
7fcd08021000-7fcd0c000000 ---p 00000000 00:00 0 
7fcd0c000000-7fcd0c021000 rw-p 00000000 00:00 0 
7fcd0c021000-7fcd10000000 ---p 00000000 00:00 0 
7fcd10000000-7fcd10032000 rw-p 00000000 00:00 0 
7fcd10032000-7fcd14000000 ---p 00000000 00:00 0 
7fcd14000000-7fcd14034000 rw-p 00000000 00:00 0 
7fcd14034000-7fcd18000000 ---p 00000000 00:00 0 
7fcd18000000-7fcd18028000 rw-p 00000000 00:00 0 
7fcd18028000-7fcd1c000000 ---p 00000000 00:00 0 
7fcd1c000000-7fcd1c021000 rw-p 00000000 00:00 0 
7fcd1c021000-7fcd20000000 ---p 00000000 00:00 0 
7fcd20000000-7fcd20021000 rw-p 00000000 00:00 0 
7fcd20021000-7fcd24000000 ---p 00000000 00:00 0 
7fcd24000000-7fcd2402d000 rw-p 00000000 00:00 0 
7fcd2402d000-7fcd28000000 ---p 00000000 00:00 0 
7fcd28000000-7fcd28021000 rw-p 00000000 00:00 0 
7fcd28021000-7fcd2c000000 ---p 00000000 00:00 0 
7fcd2c000000-7fcd2c021000 rw-p 00000000 00:00 0 
7fcd2c021000-7fcd30000000 ---p 00000000 00:00 0 
7fcd30000000-7fcd30021000 rw-p 00000000 00:00 0 
7fcd30021000-7fcd34000000 ---p 00000000 00:00 0 
7fcd34000000-7fcd34021000 rw-p 00000000 00:00 0 
7fcd34021000-7fcd38000000 ---p 00000000 00:00 0 
7fcd38000000-7fcd38070000 rw-p 00000000 00:00 0 
7fcd38070000-7fcd3c000000 ---p 00000000 00:00 0 
7fcd3c000000-7fcd3c021000 rw-p 00000000 00:00 0 
7fcd3c021000-7fcd40000000 ---p 00000000 00:00 0 
7fcd40000000-7fcd40021000 rw-p 00000000 00:00 0 
7fcd40021000-7fcd44000000 ---p 00000000 00:00 0 
7fcd44000000-7fcd44021000 rw-p 00000000 00:00 0 
7fcd44021000-7fcd48000000 ---p 00000000 00:00 0 
7fcd48000000-7fcd48021000 rw-p 00000000 00:00 0 
7fcd48021000-7fcd4c000000 ---p 00000000 00:00 0 
7fcd4c000000-7fcd4c88a000 rw-p 00000000 00:00 0 
7fcd4c88a000-7fcd50000000 ---p 00000000 00:00 0 
7fcd50000000-7fcd50021000 rw-p 00000000 00:00 0 
7fcd50021000-7fcd54000000 ---p 00000000 00:00 0 
7fcd54000000-7fcd54021000 rw-p 00000000 00:00 0 
7fcd54021000-7fcd58000000 ---p 00000000 00:00 0 
7fcd58000000-7fcd58021000 rw-p 00000000 00:00 0 
7fcd58021000-7fcd5c000000 ---p 00000000 00:00 0 
7fcd5c0bb000-7fcd5c2bb000 rw-p 00000000 00:00 0 
7fcd5c2bb000-7fcd5c4bb000 rw-p 00000000 00:00 0 
7fcd5c4bb000-7fcd5c6bb000 rw-p 00000000 00:00 0 
7fcd5c6bb000-7fcd5c6bc000 ---p 00000000 00:00 0 
7fcd5c6bc000-7fcd5c9bd000 rw-p 00000000 00:00 0 
7fcd5c9bd000-7fcd5cbbd000 rw-p 00000000 00:00 0 
7fcd5cbbd000-7fcd5cbbe000 ---p 00000000 00:00 0 
7fcd5cbbe000-7fcd5ccbf000 rw-p 00000000 00:00 0 
7fcd5ccbf000-7fcd5ccc0000 ---p 00000000 00:00 0 
7fcd5ccc0000-7fcd5cfc1000 rw-p 00000000 00:00 0 
7fcd5cfc1000-7fcd5cfc5000 ---p 00000000 00:00 0 
7fcd5cfc5000-7fcd5d2c2000 rw-p 00000000 00:00 0 
7fcd5d2c2000-7fcd5d2c6000 ---p 00000000 00:00 0 
7fcd5d2c6000-7fcd5d3c3000 rw-p 00000000 00:00 0 
7fcd5d3c3000-7fcd5d3c7000 ---p 00000000 00:00 0 
7fcd5d3c7000-7fcd5d6c4000 rw-p 00000000 00:00 0 
7fcd5d6c4000-7fcd5d6c8000 ---p 00000000 00:00 0 
7fcd5d6c8000-7fcd5d7c5000 rw-p 00000000 00:00 0 
7fcd5d7c5000-7fcd5d7c9000 ---p 00000000 00:00 0 
7fcd5d7c9000-7fcd5d8c6000 rw-p 00000000 00:00 0 
7fcd5d8c6000-7fcd5d8ca000 ---p 00000000 00:00 0 
7fcd5d8ca000-7fcd5d9c7000 rw-p 00000000 00:00 0 
7fcd5d9c7000-7fcd5d9cb000 ---p 00000000 00:00 0 
7fcd5d9cb000-7fcd5dac8000 rw-p 00000000 00:00 0 
7fcd5dac8000-7fcd5dacc000 ---p 00000000 00:00 0 
7fcd5dacc000-7fcd5dbc9000 rw-p 00000000 00:00 0 
7fcd5dbc9000-7fcd5dbcd000 ---p 00000000 00:00 0 
7fcd5dbcd000-7fcd5dcca000 rw-p 00000000 00:00 0 
7fcd5dcca000-7fcd5dccb000 ---p 00000000 00:00 0 
7fcd5dccb000-7fcd5ddcc000 rw-p 00000000 00:00 0 
7fcd5ddcc000-7fcd5ddcd000 ---p 00000000 00:00 0 
7fcd5ddcd000-7fcd5dece000 rw-p 00000000 00:00 0 
7fcd5dece000-7fcd5decf000 ---p 00000000 00:00 0 
7fcd5decf000-7fcd5dfd0000 rw-p 00000000 00:00 0 
7fcd5dfd0000-7fcd5dfd1000 ---p 00000000 00:00 0 
7fcd5dfd1000-7fcd5e0d2000 rw-p 00000000 00:00 0 
7fcd5e0d2000-7fcd5e0d3000 ---p 00000000 00:00 0 
7fcd5e0d3000-7fcd5e1d4000 rw-p 00000000 00:00 0 
7fcd5e1d4000-7fcd5e1d8000 ---p 00000000 00:00 0 
7fcd5e1d8000-7fcd5e2d5000 rw-p 00000000 00:00 0 
7fcd5e2d5000-7fcd5e2d6000 ---p 00000000 00:00 0 
7fcd5e2d6000-7fcd5e3d7000 rw-p 00000000 00:00 0 
7fcd5e3d7000-7fcd5e3db000 ---p 00000000 00:00 0 
7fcd5e3db000-7fcd5e4d8000 rw-p 00000000 00:00 0 
7fcd5e4d8000-7fcd5e4dc000 ---p 00000000 00:00 0 
7fcd5e4dc000-7fcd5e5d9000 rw-p 00000000 00:00 0 
7fcd5e5d9000-7fcd5e5dd000 ---p 00000000 00:00 0 
7fcd5e5dd000-7fcd5e6da000 rw-p 00000000 00:00 0 
7fcd5e6da000-7fcd5e6dc000 r-xp 00000000 08:02 3937317                    /usr/lib/jvm/java-11-openjdk-amd64/lib/libextnet.so
7fcd5e6dc000-7fcd5e8db000 ---p 00002000 08:02 3937317                    /usr/lib/jvm/java-11-openjdk-amd64/lib/libextnet.so
7fcd5e8db000-7fcd5e8dc000 r--p 00001000 08:02 3937317                    /usr/lib/jvm/java-11-openjdk-amd64/lib/libextnet.so
7fcd5e8dc000-7fcd5e8dd000 rw-p 00002000 08:02 3937317                    /usr/lib/jvm/java-11-openjdk-amd64/lib/libextnet.so
7fcd5e8dd000-7fcd5e8e2000 r-xp 00000000 08:02 3938055                    /usr/lib/jvm/java-11-openjdk-amd64/lib/libmanagement_ext.so
7fcd5e8e2000-7fcd5eae2000 ---p 00005000 08:02 3938055                    /usr/lib/jvm/java-11-openjdk-amd64/lib/libmanagement_ext.so
7fcd5eae2000-7fcd5eae3000 r--p 00005000 08:02 3938055                    /usr/lib/jvm/java-11-openjdk-amd64/lib/libmanagement_ext.so
7fcd5eae3000-7fcd5eae4000 rw-p 00006000 08:02 3938055                    /usr/lib/jvm/java-11-openjdk-amd64/lib/libmanagement_ext.so
7fcd5eae4000-7fcd5eae8000 r-xp 00000000 08:02 3938040                    /usr/lib/jvm/java-11-openjdk-amd64/lib/libmanagement.so
7fcd5eae8000-7fcd5ece8000 ---p 00004000 08:02 3938040                    /usr/lib/jvm/java-11-openjdk-amd64/lib/libmanagement.so
7fcd5ece8000-7fcd5ece9000 r--p 00004000 08:02 3938040                    /usr/lib/jvm/java-11-openjdk-amd64/lib/libmanagement.so
7fcd5ece9000-7fcd5ecea000 rw-p 00005000 08:02 3938040                    /usr/lib/jvm/java-11-openjdk-amd64/lib/libmanagement.so
7fcd5ecea000-7fcd5ed00000 r-xp 00000000 08:02 3938061                    /usr/lib/jvm/java-11-openjdk-amd64/lib/libnet.so
7fcd5ed00000-7fcd5eeff000 ---p 00016000 08:02 3938061                    /usr/lib/jvm/java-11-openjdk-amd64/lib/libnet.so
7fcd5eeff000-7fcd5ef00000 r--p 00015000 08:02 3938061                    /usr/lib/jvm/java-11-openjdk-amd64/lib/libnet.so
7fcd5ef00000-7fcd5ef01000 rw-p 00016000 08:02 3938061                    /usr/lib/jvm/java-11-openjdk-amd64/lib/libnet.so
7fcd5ef01000-7fcd5ef11000 r-xp 00000000 08:02 3938064                    /usr/lib/jvm/java-11-openjdk-amd64/lib/libnio.so
7fcd5ef11000-7fcd5f110000 ---p 00010000 08:02 3938064                    /usr/lib/jvm/java-11-openjdk-amd64/lib/libnio.so
7fcd5f110000-7fcd5f111000 r--p 0000f000 08:02 3938064                    /usr/lib/jvm/java-11-openjdk-amd64/lib/libnio.so
7fcd5f111000-7fcd5f112000 rw-p 00010000 08:02 3938064                    /usr/lib/jvm/java-11-openjdk-amd64/lib/libnio.so
7fcd5f112000-7fcd5f116000 ---p 00000000 00:00 0 
7fcd5f116000-7fcd5f213000 rw-p 00000000 00:00 0 
7fcd5f213000-7fcd5f217000 ---p 00000000 00:00 0 
7fcd5f217000-7fcd5f314000 rw-p 00000000 00:00 0 
7fcd5f314000-7fcd5f318000 ---p 00000000 00:00 0 
7fcd5f318000-7fcd5f415000 rw-p 00000000 00:00 0 
7fcd5f415000-7fcd5f419000 r-xp 00000000 08:02 3937316                    /usr/lib/jvm/java-11-openjdk-amd64/lib/libdt_socket.so
7fcd5f419000-7fcd5f619000 ---p 00004000 08:02 3937316                    /usr/lib/jvm/java-11-openjdk-amd64/lib/libdt_socket.so
7fcd5f619000-7fcd5f61a000 r--p 00004000 08:02 3937316                    /usr/lib/jvm/java-11-openjdk-amd64/lib/libdt_socket.so
7fcd5f61a000-7fcd5f61b000 rw-p 00005000 08:02 3937316                    /usr/lib/jvm/java-11-openjdk-amd64/lib/libdt_socket.so
7fcd5f61b000-7fcd5f61f000 ---p 00000000 00:00 0 
7fcd5f61f000-7fcd5f71c000 rw-p 00000000 00:00 0 
7fcd5f71c000-7fcd5f720000 ---p 00000000 00:00 0 
7fcd5f720000-7fcd5f81d000 rw-p 00000000 00:00 0 
7fcd5f81d000-7fcd5f821000 ---p 00000000 00:00 0 
7fcd5f821000-7fcd5f91e000 rw-p 00000000 00:00 0 
7fcd5f91e000-7fcd5f922000 ---p 00000000 00:00 0 
7fcd5f922000-7fcd5fa1f000 rw-p 00000000 00:00 0 
7fcd5fa1f000-7fcd5fa23000 ---p 00000000 00:00 0 
7fcd5fa23000-7fcd5fb20000 rw-p 00000000 00:00 0 
7fcd5fb20000-7fcd5fdfe000 r--p 00000000 08:02 265148                     /usr/lib/locale/locale-archive
7fcd5fdfe000-7fcd5fe02000 ---p 00000000 00:00 0 
7fcd5fe02000-7fcd5feff000 rw-p 00000000 00:00 0 
7fcd5feff000-7fcd5ff03000 ---p 00000000 00:00 0 
7fcd5ff03000-7fcd60000000 rw-p 00000000 00:00 0 
7fcd60000000-7fcd60021000 rw-p 00000000 00:00 0 
7fcd60021000-7fcd64000000 ---p 00000000 00:00 0 
7fcd64000000-7fcd641de000 rw-p 00000000 00:00 0 
7fcd641de000-7fcd68000000 ---p 00000000 00:00 0 
7fcd68000000-7fcd68021000 rw-p 00000000 00:00 0 
7fcd68021000-7fcd6c000000 ---p 00000000 00:00 0 
7fcd6c000000-7fcd6c021000 rw-p 00000000 00:00 0 
7fcd6c021000-7fcd70000000 ---p 00000000 00:00 0 
7fcd70000000-7fcd70021000 rw-p 00000000 00:00 0 
7fcd70021000-7fcd74000000 ---p 00000000 00:00 0 
7fcd7405e000-7fcd7405f000 ---p 00000000 00:00 0 
7fcd7405f000-7fcd74960000 rw-p 00000000 00:00 0 
7fcd74960000-7fcd74961000 ---p 00000000 00:00 0 
7fcd74961000-7fcd74a62000 rw-p 00000000 00:00 0 
7fcd74a62000-7fcd74a63000 ---p 00000000 00:00 0 
7fcd74a63000-7fcd7736c000 rw-p 00000000 00:00 0 
7fcd7736c000-7fcd7736d000 ---p 00000000 00:00 0 
7fcd7736d000-7fcd77682000 rw-p 00000000 00:00 0 
7fcd77682000-7fcd7769a000 ---p 00000000 00:00 0 
7fcd7769a000-7fcd7769e000 rw-p 00000000 00:00 0 
7fcd7769e000-7fcd776be000 ---p 00000000 00:00 0 
7fcd776be000-7fcd776ca000 rw-p 00000000 00:00 0 
7fcd776ca000-7fcd776ce000 ---p 00000000 00:00 0 
7fcd776ce000-7fcd776d2000 rw-p 00000000 00:00 0 
7fcd776d2000-7fcd7a26e000 ---p 00000000 00:00 0 
7fcd7a26e000-7fcd7a276000 rw-p 00000000 00:00 0 
7fcd7a276000-7fcd7b276000 ---p 00000000 00:00 0 
7fcd7b276000-7fcd7b48a000 rw-p 00000000 00:00 0 
7fcd7b48a000-7fcd7b4a2000 ---p 00000000 00:00 0 
7fcd7b4a2000-7fcd7b4a6000 rw-p 00000000 00:00 0 
7fcd7b4a6000-7fcd7b4c6000 ---p 00000000 00:00 0 
7fcd7b4c6000-7fcd7b4d2000 rw-p 00000000 00:00 0 
7fcd7b4d2000-7fcd7b4d6000 ---p 00000000 00:00 0 
7fcd7b4d6000-7fcd7b4da000 rw-p 00000000 00:00 0 
7fcd7b4da000-7fcd7e076000 ---p 00000000 00:00 0 
7fcd7e076000-7fcd7e07e000 rw-p 00000000 00:00 0 
7fcd7e07e000-7fcd7f07e000 ---p 00000000 00:00 0 
7fcd7f07e000-7fcd7f0c1000 rw-p 00000000 00:00 0 
7fcd7f0c1000-7fcd7f0c3000 ---p 00000000 00:00 0 
7fcd7f0c3000-7fcd7f0c4000 rw-p 00000000 00:00 0 
7fcd7f0c4000-7fcd7f0c8000 ---p 00000000 00:00 0 
7fcd7f0c8000-7fcd7f0cb000 rw-p 00000000 00:00 0 
7fcd7f0cb000-7fcd7f63e000 ---p 00000000 00:00 0 
7fcd7f63e000-7fcd7f63f000 rw-p 00000000 00:00 0 
7fcd7f63f000-7fcd7f83f000 ---p 00000000 00:00 0 
7fcd7f83f000-7fcd7f882000 rw-p 00000000 00:00 0 
7fcd7f882000-7fcd7f884000 ---p 00000000 00:00 0 
7fcd7f884000-7fcd7f885000 rw-p 00000000 00:00 0 
7fcd7f885000-7fcd7f889000 ---p 00000000 00:00 0 
7fcd7f889000-7fcd7f88c000 rw-p 00000000 00:00 0 
7fcd7f88c000-7fcd7fdff000 ---p 00000000 00:00 0 
7fcd7fdff000-7fcd7fe00000 rw-p 00000000 00:00 0 
7fcd7fe00000-7fcd80000000 ---p 00000000 00:00 0 
7fcd80000000-7fcd80047000 rw-p 00000000 00:00 0 
7fcd80047000-7fcd84000000 ---p 00000000 00:00 0 
7fcd840d0000-7fcd84113000 rw-p 00000000 00:00 0 
7fcd84113000-7fcd84115000 ---p 00000000 00:00 0 
7fcd84115000-7fcd84116000 rw-p 00000000 00:00 0 
7fcd84116000-7fcd8411a000 ---p 00000000 00:00 0 
7fcd8411a000-7fcd8411d000 rw-p 00000000 00:00 0 
7fcd8411d000-7fcd84690000 ---p 00000000 00:00 0 
7fcd84690000-7fcd84691000 rw-p 00000000 00:00 0 
7fcd84691000-7fcd84891000 ---p 00000000 00:00 0 
7fcd84891000-7fcd84b01000 rwxp 00000000 00:00 0 
7fcd84b01000-7fcd84fc5000 ---p 00000000 00:00 0 
7fcd84fc5000-7fcd86285000 rwxp 00000000 00:00 0 
7fcd86285000-7fcd93891000 ---p 00000000 00:00 0 
7fcd9c000000-7fcd9ca9b000 rw-p 00000000 00:00 0 
7fcd9ca9b000-7fcda0000000 ---p 00000000 00:00 0 
7fcda0004000-7fcda0085000 rw-p 00000000 00:00 0 
7fcda0085000-7fcda0086000 ---p 00000000 00:00 0 
7fcda0086000-7fcda0a8f000 rw-p 00000000 00:00 0 
7fcda0a8f000-7fcda0a90000 ---p 00000000 00:00 0 
7fcda0a90000-7fcda0bb7000 rw-p 00000000 00:00 0 
7fcda0bb7000-7fcda0d63000 ---p 00000000 00:00 0 
7fcda0d63000-7fcda0d6a000 r-xp 00000000 08:02 3938072                    /usr/lib/jvm/java-11-openjdk-amd64/lib/libzip.so
7fcda0d6a000-7fcda0f69000 ---p 00007000 08:02 3938072                    /usr/lib/jvm/java-11-openjdk-amd64/lib/libzip.so
7fcda0f69000-7fcda0f6a000 r--p 00006000 08:02 3938072                    /usr/lib/jvm/java-11-openjdk-amd64/lib/libzip.so
7fcda0f6a000-7fcda0f6b000 rw-p 00007000 08:02 3938072                    /usr/lib/jvm/java-11-openjdk-amd64/lib/libzip.so
7fcda0f6b000-7fcda0f76000 r-xp 00000000 08:02 22550871                   /lib/x86_64-linux-gnu/libnss_files-2.27.so
7fcda0f76000-7fcda1175000 ---p 0000b000 08:02 22550871                   /lib/x86_64-linux-gnu/libnss_files-2.27.so
7fcda1175000-7fcda1176000 r--p 0000a000 08:02 22550871                   /lib/x86_64-linux-gnu/libnss_files-2.27.so
7fcda1176000-7fcda1177000 rw-p 0000b000 08:02 22550871                   /lib/x86_64-linux-gnu/libnss_files-2.27.so
7fcda1177000-7fcda117d000 rw-p 00000000 00:00 0 
7fcda117d000-7fcda1194000 r-xp 00000000 08:02 22550868                   /lib/x86_64-linux-gnu/libnsl-2.27.so
7fcda1194000-7fcda1393000 ---p 00017000 08:02 22550868                   /lib/x86_64-linux-gnu/libnsl-2.27.so
7fcda1393000-7fcda1394000 r--p 00016000 08:02 22550868                   /lib/x86_64-linux-gnu/libnsl-2.27.so
7fcda1394000-7fcda1395000 rw-p 00017000 08:02 22550868                   /lib/x86_64-linux-gnu/libnsl-2.27.so
7fcda1395000-7fcda1397000 rw-p 00000000 00:00 0 
7fcda1397000-7fcda13a2000 r-xp 00000000 08:02 22550873                   /lib/x86_64-linux-gnu/libnss_nis-2.27.so
7fcda13a2000-7fcda15a1000 ---p 0000b000 08:02 22550873                   /lib/x86_64-linux-gnu/libnss_nis-2.27.so
7fcda15a1000-7fcda15a2000 r--p 0000a000 08:02 22550873                   /lib/x86_64-linux-gnu/libnss_nis-2.27.so
7fcda15a2000-7fcda15a3000 rw-p 0000b000 08:02 22550873                   /lib/x86_64-linux-gnu/libnss_nis-2.27.so
7fcda15a3000-7fcda15ab000 r-xp 00000000 08:02 22550869                   /lib/x86_64-linux-gnu/libnss_compat-2.27.so
7fcda15ab000-7fcda17ab000 ---p 00008000 08:02 22550869                   /lib/x86_64-linux-gnu/libnss_compat-2.27.so
7fcda17ab000-7fcda17ac000 r--p 00008000 08:02 22550869                   /lib/x86_64-linux-gnu/libnss_compat-2.27.so
7fcda17ac000-7fcda17ad000 rw-p 00009000 08:02 22550869                   /lib/x86_64-linux-gnu/libnss_compat-2.27.so
7fcda17ad000-7fcda17b7000 r-xp 00000000 08:02 3937324                    /usr/lib/jvm/java-11-openjdk-amd64/lib/libinstrument.so
7fcda17b7000-7fcda19b6000 ---p 0000a000 08:02 3937324                    /usr/lib/jvm/java-11-openjdk-amd64/lib/libinstrument.so
7fcda19b6000-7fcda19b7000 r--p 00009000 08:02 3937324                    /usr/lib/jvm/java-11-openjdk-amd64/lib/libinstrument.so
7fcda19b7000-7fcda19b8000 rw-p 0000a000 08:02 3937324                    /usr/lib/jvm/java-11-openjdk-amd64/lib/libinstrument.so
7fcda19b8000-7fcda19f4000 r-xp 00000000 08:02 3937713                    /usr/lib/jvm/java-11-openjdk-amd64/lib/libjdwp.so
7fcda19f4000-7fcda1bf3000 ---p 0003c000 08:02 3937713                    /usr/lib/jvm/java-11-openjdk-amd64/lib/libjdwp.so
7fcda1bf3000-7fcda1bf4000 r--p 0003b000 08:02 3937713                    /usr/lib/jvm/java-11-openjdk-amd64/lib/libjdwp.so
7fcda1bf4000-7fcda1bf5000 rw-p 0003c000 08:02 3937713                    /usr/lib/jvm/java-11-openjdk-amd64/lib/libjdwp.so
7fcda1bf5000-7fcda1bfa000 r-xp 00000000 08:02 3937833                    /usr/lib/jvm/java-11-openjdk-amd64/lib/libjimage.so
7fcda1bfa000-7fcda1df9000 ---p 00005000 08:02 3937833                    /usr/lib/jvm/java-11-openjdk-amd64/lib/libjimage.so
7fcda1df9000-7fcda1dfa000 r--p 00004000 08:02 3937833                    /usr/lib/jvm/java-11-openjdk-amd64/lib/libjimage.so
7fcda1dfa000-7fcda1dfb000 rw-p 00005000 08:02 3937833                    /usr/lib/jvm/java-11-openjdk-amd64/lib/libjimage.so
7fcda1dfb000-7fcda1e24000 r-xp 00000000 08:02 3937658                    /usr/lib/jvm/java-11-openjdk-amd64/lib/libjava.so
7fcda1e24000-7fcda2024000 ---p 00029000 08:02 3937658                    /usr/lib/jvm/java-11-openjdk-amd64/lib/libjava.so
7fcda2024000-7fcda2025000 r--p 00029000 08:02 3937658                    /usr/lib/jvm/java-11-openjdk-amd64/lib/libjava.so
7fcda2025000-7fcda2026000 rw-p 0002a000 08:02 3937658                    /usr/lib/jvm/java-11-openjdk-amd64/lib/libjava.so
7fcda2026000-7fcda2027000 rw-p 00000000 00:00 0 
7fcda2027000-7fcda2034000 r-xp 00000000 08:02 3938071                    /usr/lib/jvm/java-11-openjdk-amd64/lib/libverify.so
7fcda2034000-7fcda2233000 ---p 0000d000 08:02 3938071                    /usr/lib/jvm/java-11-openjdk-amd64/lib/libverify.so
7fcda2233000-7fcda2235000 r--p 0000c000 08:02 3938071                    /usr/lib/jvm/java-11-openjdk-amd64/lib/libverify.so
7fcda2235000-7fcda2236000 rw-p 0000e000 08:02 3938071                    /usr/lib/jvm/java-11-openjdk-amd64/lib/libverify.so
7fcda2236000-7fcda223d000 r-xp 00000000 08:02 22550878                   /lib/x86_64-linux-gnu/librt-2.27.so
7fcda223d000-7fcda243c000 ---p 00007000 08:02 22550878                   /lib/x86_64-linux-gnu/librt-2.27.so
7fcda243c000-7fcda243d000 r--p 00006000 08:02 22550878                   /lib/x86_64-linux-gnu/librt-2.27.so
7fcda243d000-7fcda243e000 rw-p 00007000 08:02 22550878                   /lib/x86_64-linux-gnu/librt-2.27.so
7fcda243e000-7fcda2455000 r-xp 00000000 08:02 22545168                   /lib/x86_64-linux-gnu/libgcc_s.so.1
7fcda2455000-7fcda2654000 ---p 00017000 08:02 22545168                   /lib/x86_64-linux-gnu/libgcc_s.so.1
7fcda2654000-7fcda2655000 r--p 00016000 08:02 22545168                   /lib/x86_64-linux-gnu/libgcc_s.so.1
7fcda2655000-7fcda2656000 rw-p 00017000 08:02 22545168                   /lib/x86_64-linux-gnu/libgcc_s.so.1
7fcda2656000-7fcda27f3000 r-xp 00000000 08:02 22550865                   /lib/x86_64-linux-gnu/libm-2.27.so
7fcda27f3000-7fcda29f2000 ---p 0019d000 08:02 22550865                   /lib/x86_64-linux-gnu/libm-2.27.so
7fcda29f2000-7fcda29f3000 r--p 0019c000 08:02 22550865                   /lib/x86_64-linux-gnu/libm-2.27.so
7fcda29f3000-7fcda29f4000 rw-p 0019d000 08:02 22550865                   /lib/x86_64-linux-gnu/libm-2.27.so
7fcda29f4000-7fcda2b6d000 r-xp 00000000 08:02 266717                     /usr/lib/x86_64-linux-gnu/libstdc++.so.6.0.25
7fcda2b6d000-7fcda2d6d000 ---p 00179000 08:02 266717                     /usr/lib/x86_64-linux-gnu/libstdc++.so.6.0.25
7fcda2d6d000-7fcda2d77000 r--p 00179000 08:02 266717                     /usr/lib/x86_64-linux-gnu/libstdc++.so.6.0.25
7fcda2d77000-7fcda2d79000 rw-p 00183000 08:02 266717                     /usr/lib/x86_64-linux-gnu/libstdc++.so.6.0.25
7fcda2d79000-7fcda2d7d000 rw-p 00000000 00:00 0 
7fcda2d7d000-7fcda3f73000 r-xp 00000000 08:02 3938083                    /usr/lib/jvm/java-11-openjdk-amd64/lib/server/libjvm.so
7fcda3f73000-7fcda4172000 ---p 011f6000 08:02 3938083                    /usr/lib/jvm/java-11-openjdk-amd64/lib/server/libjvm.so
7fcda4172000-7fcda4233000 r--p 011f5000 08:02 3938083                    /usr/lib/jvm/java-11-openjdk-amd64/lib/server/libjvm.so
7fcda4233000-7fcda426e000 rw-p 012b6000 08:02 3938083                    /usr/lib/jvm/java-11-openjdk-amd64/lib/server/libjvm.so
7fcda426e000-7fcda42c5000 rw-p 00000000 00:00 0 
7fcda42c5000-7fcda42df000 r-xp 00000000 08:02 22550876                   /lib/x86_64-linux-gnu/libpthread-2.27.so
7fcda42df000-7fcda44de000 ---p 0001a000 08:02 22550876                   /lib/x86_64-linux-gnu/libpthread-2.27.so
7fcda44de000-7fcda44df000 r--p 00019000 08:02 22550876                   /lib/x86_64-linux-gnu/libpthread-2.27.so
7fcda44df000-7fcda44e0000 rw-p 0001a000 08:02 22550876                   /lib/x86_64-linux-gnu/libpthread-2.27.so
7fcda44e0000-7fcda44e4000 rw-p 00000000 00:00 0 
7fcda44e4000-7fcda44e7000 r-xp 00000000 08:02 22550864                   /lib/x86_64-linux-gnu/libdl-2.27.so
7fcda44e7000-7fcda46e6000 ---p 00003000 08:02 22550864                   /lib/x86_64-linux-gnu/libdl-2.27.so
7fcda46e6000-7fcda46e7000 r--p 00002000 08:02 22550864                   /lib/x86_64-linux-gnu/libdl-2.27.so
7fcda46e7000-7fcda46e8000 rw-p 00003000 08:02 22550864                   /lib/x86_64-linux-gnu/libdl-2.27.so
7fcda46e8000-7fcda4704000 r-xp 00000000 08:02 22549340                   /lib/x86_64-linux-gnu/libz.so.1.2.11
7fcda4704000-7fcda4903000 ---p 0001c000 08:02 22549340                   /lib/x86_64-linux-gnu/libz.so.1.2.11
7fcda4903000-7fcda4904000 r--p 0001b000 08:02 22549340                   /lib/x86_64-linux-gnu/libz.so.1.2.11
7fcda4904000-7fcda4905000 rw-p 0001c000 08:02 22549340                   /lib/x86_64-linux-gnu/libz.so.1.2.11
7fcda4905000-7fcda4aec000 r-xp 00000000 08:02 22550861                   /lib/x86_64-linux-gnu/libc-2.27.so
7fcda4aec000-7fcda4cec000 ---p 001e7000 08:02 22550861                   /lib/x86_64-linux-gnu/libc-2.27.so
7fcda4cec000-7fcda4cf0000 r--p 001e7000 08:02 22550861                   /lib/x86_64-linux-gnu/libc-2.27.so
7fcda4cf0000-7fcda4cf2000 rw-p 001eb000 08:02 22550861                   /lib/x86_64-linux-gnu/libc-2.27.so
7fcda4cf2000-7fcda4cf6000 rw-p 00000000 00:00 0 
7fcda4cf6000-7fcda4d06000 r-xp 00000000 08:02 3937237                    /usr/lib/jvm/java-11-openjdk-amd64/lib/jli/libjli.so
7fcda4d06000-7fcda4f05000 ---p 00010000 08:02 3937237                    /usr/lib/jvm/java-11-openjdk-amd64/lib/jli/libjli.so
7fcda4f05000-7fcda4f06000 r--p 0000f000 08:02 3937237                    /usr/lib/jvm/java-11-openjdk-amd64/lib/jli/libjli.so
7fcda4f06000-7fcda4f07000 rw-p 00010000 08:02 3937237                    /usr/lib/jvm/java-11-openjdk-amd64/lib/jli/libjli.so
7fcda4f07000-7fcda4f30000 r-xp 00000000 08:02 22544782                   /lib/x86_64-linux-gnu/ld-2.27.so
7fcda4fa8000-7fcda5008000 rw-p 00000000 00:00 0 
7fcda5008000-7fcda5012000 ---p 00000000 00:00 0 
7fcda5012000-7fcda5016000 ---p 00000000 00:00 0 
7fcda5016000-7fcda5115000 rw-p 00000000 00:00 0 
7fcda511b000-7fcda5122000 r--s 00000000 08:02 529140                     /usr/lib/x86_64-linux-gnu/gconv/gconv-modules.cache
7fcda5122000-7fcda5124000 r--s 00007000 08:02 659515                     /usr/share/java/java-atk-wrapper.jar
7fcda5124000-7fcda512c000 rw-s 00000000 08:02 7866130                    /tmp/hsperfdata_administrator/6572
7fcda512c000-7fcda512d000 ---p 00000000 00:00 0 
7fcda512d000-7fcda512e000 r--p 00000000 00:00 0 
7fcda512e000-7fcda5130000 rw-p 00000000 00:00 0 
7fcda5130000-7fcda5131000 r--p 00029000 08:02 22544782                   /lib/x86_64-linux-gnu/ld-2.27.so
7fcda5131000-7fcda5132000 rw-p 0002a000 08:02 22544782                   /lib/x86_64-linux-gnu/ld-2.27.so
7fcda5132000-7fcda5133000 rw-p 00000000 00:00 0 
7fffecf75000-7fffecf99000 rw-p 00000000 00:00 0                          [stack]
7fffecfb1000-7fffecfb4000 r--p 00000000 00:00 0                          [vvar]
7fffecfb4000-7fffecfb5000 r-xp 00000000 00:00 0                          [vdso]
ffffffffff600000-ffffffffff601000 --xp 00000000 00:00 0                  [vsyscall]


VM Arguments:
jvm_args: -agentlib:jdwp=transport=dt_socket,suspend=y,address=localhost:39737 -Dcom.sun.management.jmxremote -Dcom.sun.management.jmxremote.port=44719 -Dcom.sun.management.jmxremote.authenticate=false -Dcom.sun.management.jmxremote.ssl=false -Djava.rmi.server.hostname=localhost -Dspring.jmx.enabled=true -Dspring.application.admin.enabled=true -Djava.security.egd=file:/dev/./urandom -Xverify:none -XX:TieredStopAtLevel=1 -Dspring.boot.project.name=adcampaign -javaagent:/home/administrator/.eclipse/org.eclipse.platform_4.15.0_1353671729_linux_gtk_x86_64/configuration/org.eclipse.osgi/239/0/.cp/lib/javaagent-shaded.jar -Dfile.encoding=UTF-8 
java_command: com.spykke.internal.adcampaign.AdcampaignApplication --spring.output.ansi.enabled=always
java_class_path (initial): /home/administrator/STS_Workspace/source_codes/Campaign/adcampaign/target/classes:/home/administrator/.m2/repository/org/springframework/boot/spring-boot-starter-data-jpa/2.3.3.RELEASE/spring-boot-starter-data-jpa-2.3.3.RELEASE.jar:/home/administrator/.m2/repository/org/springframework/boot/spring-boot-starter-aop/2.3.3.RELEASE/spring-boot-starter-aop-2.3.3.RELEASE.jar:/home/administrator/.m2/repository/org/aspectj/aspectjweaver/1.9.6/aspectjweaver-1.9.6.jar:/home/administrator/.m2/repository/org/springframework/boot/spring-boot-starter-jdbc/2.3.3.RELEASE/spring-boot-starter-jdbc-2.3.3.RELEASE.jar:/home/administrator/.m2/repository/com/zaxxer/HikariCP/3.4.5/HikariCP-3.4.5.jar:/home/administrator/.m2/repository/org/springframework/spring-jdbc/5.2.8.RELEASE/spring-jdbc-5.2.8.RELEASE.jar:/home/administrator/.m2/repository/jakarta/transaction/jakarta.transaction-api/1.3.3/jakarta.transaction-api-1.3.3.jar:/home/administrator/.m2/repository/jakarta/persistence/jakarta.persistence-api/2.2.3/jakarta.persistence-api-2.2.3.jar:/home/administrator/.m2/repository/org/hibernate/hibernate-core/5.4.20.Final/hibernate-core-5.4.20.Final.jar:/home/administrator/.m2/repository/org/jboss/logging/jboss-logging/3.4.1.Final/jboss-logging-3.4.1.Final.jar:/home/administrator/.m2/repository/org/javassist/javassist/3.24.0-GA/javassist-3.24.0-GA.jar:/home/administrator/.m2/repository/net/bytebuddy/byte-buddy/1.10.14/byte-buddy-1.10.14.jar:/home/administrator/.m2/repository/antlr/antlr/2.7.7/antlr-2.7.7.jar:/home/administrator/.m2/repository/org/jboss/jandex/2.1.3.Final/jandex-2.1.3.Final.jar:/home/administrator/.m2/repository/com/fasterxml/classmate/1.5.1/classmate-1.5.1.jar:/home/administrator/.m2/repository/org/dom4j/dom4j/2.1.3/dom4j-2.1.3.jar:/home/administrator/.m2/repository/org/hibernate/common/hibernate-commons-annotations/5.1.0.Final/hibernate-commons-annotations-5.1.0.Final.jar:/home/administrator/.m2/repository/org/glassfish/jaxb/jaxb-runtime/2.3.3/jaxb
Launcher Type: SUN_STANDARD

[Global flags]
     bool BytecodeVerificationLocal                = false                                     {product} {command line}
     bool BytecodeVerificationRemote               = false                                     {product} {command line}
     intx CICompilerCount                          = 4                                         {product} {ergonomic}
     uint ConcGCThreads                            = 2                                         {product} {ergonomic}
     uint G1ConcRefinementThreads                  = 8                                         {product} {ergonomic}
   size_t G1HeapRegionSize                         = 1048576                                   {product} {ergonomic}
    uintx GCDrainStackTargetSize                   = 64                                        {product} {ergonomic}
   size_t InitialHeapSize                          = 262144000                                 {product} {ergonomic}
     bool ManagementServer                         = true                                      {product} {command line}
   size_t MarkStackSize                            = 4194304                                   {product} {ergonomic}
   size_t MaxHeapSize                              = 4162846720                                {product} {ergonomic}
   size_t MaxNewSize                               = 2497708032                                {product} {ergonomic}
   size_t MinHeapDeltaBytes                        = 1048576                                   {product} {ergonomic}
    uintx NonNMethodCodeHeapSize                   = 7549744                                {pd product} {ergonomic}
    uintx NonProfiledCodeHeapSize                  = 244108496                              {pd product} {ergonomic}
    uintx ProfiledCodeHeapSize                     = 0                                      {pd product} {ergonomic}
    uintx ReservedCodeCacheSize                    = 251658240                              {pd product} {ergonomic}
     bool SegmentedCodeCache                       = true                                      {product} {ergonomic}
     intx TieredStopAtLevel                        = 1                                         {product} {command line}
     bool UseCompressedClassPointers               = true                                 {lp64_product} {ergonomic}
     bool UseCompressedOops                        = true                                 {lp64_product} {ergonomic}
     bool UseG1GC                                  = true                                      {product} {ergonomic}

Logging:
Log output configuration:
 #0: stdout all=warning uptime,level,tags
 #1: stderr all=off uptime,level,tags

Environment Variables:
JAVA_HOME=/usr/lib/jvm/java-1.11.0-openjdk-amd64
PATH=/home/linuxbrew/.linuxbrew/bin:/home/linuxbrew/.linuxbrew/sbin:/usr/local/sbin:/usr/local/bin:/usr/sbin:/usr/bin:/sbin:/bin:/usr/games:/usr/local/games:/snap/bin:/home/administrator/bin:/usr/lib/jvm/java-1.11.0-openjdk-amd64/bin
USERNAME=administrator
SHELL=/bin/bash
DISPLAY=:0
LANG=en_IN

Signal Handlers:
SIGSEGV: [libjvm.so+0xeef6f0], sa_mask[0]=11111111011111111101111111111110, sa_flags=SA_RESTART|SA_SIGINFO
SIGBUS: [libjvm.so+0xeef6f0], sa_mask[0]=11111111011111111101111111111110, sa_flags=SA_RESTART|SA_SIGINFO
SIGFPE: [libjvm.so+0xeef6f0], sa_mask[0]=11111111011111111101111111111110, sa_flags=SA_RESTART|SA_SIGINFO
SIGPIPE: [libjvm.so+0xc12a00], sa_mask[0]=11111111011111111101111111111110, sa_flags=SA_RESTART|SA_SIGINFO
SIGXFSZ: [libjvm.so+0xc12a00], sa_mask[0]=11111111011111111101111111111110, sa_flags=SA_RESTART|SA_SIGINFO
SIGILL: [libjvm.so+0xeef6f0], sa_mask[0]=11111111011111111101111111111110, sa_flags=SA_RESTART|SA_SIGINFO
SIGUSR2: [libjvm.so+0xc128a0], sa_mask[0]=00100000000000000000000000000000, sa_flags=SA_RESTART|SA_SIGINFO
SIGHUP: [libjvm.so+0xc12c00], sa_mask[0]=11111111011111111101111111111110, sa_flags=SA_RESTART|SA_SIGINFO
SIGINT: [libjvm.so+0xc12c00], sa_mask[0]=11111111011111111101111111111110, sa_flags=SA_RESTART|SA_SIGINFO
SIGTERM: [libjvm.so+0xc12c00], sa_mask[0]=11111111011111111101111111111110, sa_flags=SA_RESTART|SA_SIGINFO
SIGQUIT: [libjvm.so+0xc12c00], sa_mask[0]=11111111011111111101111111111110, sa_flags=SA_RESTART|SA_SIGINFO


---------------  S Y S T E M  ---------------

OS:DISTRIB_ID=Ubuntu
DISTRIB_RELEASE=18.04
DISTRIB_CODENAME=bionic
DISTRIB_DESCRIPTION="Ubuntu 18.04.5 LTS"
uname:Linux 5.4.0-66-generic #74~18.04.2-Ubuntu SMP Fri Feb 5 11:17:31 UTC 2021 x86_64
OS uptime: 5 days 0:23 hours
libc:glibc 2.27 NPTL 2.27 
rlimit (soft/hard): STACK 8192k/infinity , CORE 0k/infinity , NPROC 63322/63322 , NOFILE 1048576/1048576 , AS infinity/infinity , CPU infinity/infinity , DATA infinity/infinity , FSIZE infinity/infinity , MEMLOCK 65536k/65536k
load average:3.04 2.56 2.49

/proc/meminfo:
MemTotal:       16258828 kB
MemFree:          508452 kB
MemAvailable:     724660 kB
Buffers:           33044 kB
Cached:          1826272 kB
SwapCached:        30140 kB
Active:         13308904 kB
Inactive:        1606704 kB
Active(anon):   13130912 kB
Inactive(anon):  1377044 kB
Active(file):     177992 kB
Inactive(file):   229660 kB
Unevictable:       39740 kB
Mlocked:             248 kB
SwapTotal:       2097148 kB
SwapFree:            528 kB
Dirty:              1136 kB
Writeback:             0 kB
AnonPages:      13066616 kB
Mapped:           812888 kB
Shmem:           1451212 kB
KReclaimable:     128400 kB
Slab:             385976 kB
SReclaimable:     128400 kB
SUnreclaim:       257576 kB
KernelStack:       49024 kB
PageTables:       212228 kB
NFS_Unstable:          0 kB
Bounce:                0 kB
WritebackTmp:          0 kB
CommitLimit:    10226560 kB
Committed_AS:   47049708 kB
VmallocTotal:   34359738367 kB
VmallocUsed:       82688 kB
VmallocChunk:          0 kB
Percpu:             7744 kB
HardwareCorrupted:     0 kB
AnonHugePages:         0 kB
ShmemHugePages:        0 kB
ShmemPmdMapped:        0 kB
FileHugePages:         0 kB
FilePmdMapped:         0 kB
CmaTotal:              0 kB
CmaFree:               0 kB
HugePages_Total:       0
HugePages_Free:        0
HugePages_Rsvd:        0
HugePages_Surp:        0
Hugepagesize:       2048 kB
Hugetlb:               0 kB
DirectMap4k:      843216 kB
DirectMap2M:    15796224 kB
DirectMap1G:     1048576 kB

/sys/kernel/mm/transparent_hugepage/enabled:
always [madvise] never
/sys/kernel/mm/transparent_hugepage/defrag (defrag/compaction efforts parameter):
always defer defer+madvise [madvise] never

/proc/sys/kernel/threads-max (system-wide limit on the number of threads):
126644
/proc/sys/vm/max_map_count (maximum number of memory map areas a process may have):
65530
/proc/sys/kernel/pid_max (system-wide limit on number of process identifiers):
32768

container (cgroup) information:
container_type: cgroupv1
cpu_cpuset_cpus: 0-7
cpu_memory_nodes: 0
active_processor_count: 8
cpu_quota: -1
cpu_period: 100000
cpu_shares: -1
memory_limit_in_bytes: -1
memory_and_swap_limit_in_bytes: -2
memory_soft_limit_in_bytes: -1
memory_usage_in_bytes: 15419232256
memory_max_usage_in_bytes: 15836577792

Steal ticks since vm start: 0
Steal ticks percentage since vm start:  0.000

CPU:total 8 (initial active 8) (4 cores per cpu, 2 threads per core) family 6 model 142 stepping 10 microcode 0xe0, cmov, cx8, fxsr, mmx, sse, sse2, sse3, ssse3, sse4.1, sse4.2, popcnt, avx, avx2, aes, clmul, erms, 3dnowpref, lzcnt, ht, tsc, tscinvbit, bmi1, bmi2, adx, fma
CPU Model and flags from /proc/cpuinfo:
model name	: Intel(R) Core(TM) i5-8250U CPU @ 1.60GHz
flags		: fpu vme de pse tsc msr pae mce cx8 apic sep mtrr pge mca cmov pat pse36 clflush dts acpi mmx fxsr sse sse2 ss ht tm pbe syscall nx pdpe1gb rdtscp lm constant_tsc art arch_perfmon pebs bts rep_good nopl xtopology nonstop_tsc cpuid aperfmperf pni pclmulqdq dtes64 monitor ds_cpl vmx est tm2 ssse3 sdbg fma cx16 xtpr pdcm pcid sse4_1 sse4_2 x2apic movbe popcnt tsc_deadline_timer aes xsave avx f16c rdrand lahf_lm abm 3dnowprefetch cpuid_fault epb invpcid_single pti ssbd ibrs ibpb stibp tpr_shadow vnmi flexpriority ept vpid ept_ad fsgsbase tsc_adjust bmi1 avx2 smep bmi2 erms invpcid mpx rdseed adx smap clflushopt intel_pt xsaveopt xsavec xgetbv1 xsaves dtherm ida arat pln pts hwp hwp_notify hwp_act_window hwp_epp md_clear flush_l1d
Online cpus:
0-7
Offline cpus:

BIOS frequency limitation:
<Not Available>
Frequency switch latency (ns):
0
Available cpu frequencies:
<Not Available>
Current governor:
powersave
Core performance/turbo boost:
<Not Available>

Memory: 4k page, physical 16258828k(508452k free), swap 2097148k(528k free)

vm_info: OpenJDK 64-Bit Server VM (11.0.10+9-Ubuntu-0ubuntu1.18.04) for linux-amd64 JRE (11.0.10+9-Ubuntu-0ubuntu1.18.04), built on Jan 20 2021 02:32:18 by "unknown" with gcc 7.5.0

END.
